Running with dbt=1.7.19
Registered adapter: snowflake=1.7.1
Unable to do partial parsing because config vars, config profile, or config target have changed
Found 8 models, 1 snapshot, 1 analysis, 22 tests, 1 seed, 3 sources, 1 exposure, 0 metrics, 817 macros, 0 groups, 0 semantic models

Concurrency: 1 threads (target='dev')

1 of 5 START sql incremental model DEV.fct_reviews ............................. [RUN]
Loading AIRBNB.DEV.fct_reviews incrementally (start_date: 2025-02-14T00:00:00+00:00, end_date: 2025-02-15T00:00:00+00:00)
1 of 5 OK created sql incremental model DEV.fct_reviews ........................ [[32mSUCCESS 0[0m in 3.38s]
2 of 5 START test accepted_values_fct_reviews_review_sentiment__positive__neutral__negative  [RUN]
[31mUnhandled error while executing target/dbtlearn_partitioned_dbt_assets-9ae62ad-80df97c/run/dbtlearn/models/schema.yml/accepted_values_fct_reviews_beb36f129a533890a78cc01ac370ef78.sql[0m
[Errno 5] Input/output error: '/mnt/c/Users/hrish/Desktop/temp/DBT - Udemy/dbtlearn/target/dbtlearn_partitioned_dbt_assets-9ae62ad-80df97c/run/dbtlearn/models/schema.yml/accepted_values_fct_reviews_beb36f129a533890a78cc01ac370ef78.sql'
2 of 5 ERROR accepted_values_fct_reviews_review_sentiment__positive__neutral__negative  [[31mERROR[0m in 0.35s]
3 of 5 START test consistent_created_at ........................................ [RUN]
3 of 5 PASS consistent_created_at .............................................. [[32mPASS[0m in 0.86s]
4 of 5 START test not_null_fct_reviews_reviewer_name ........................... [RUN]
4 of 5 PASS not_null_fct_reviews_reviewer_name ................................. [[32mPASS[0m in 0.77s]
5 of 5 START test relationships_fct_reviews_listing_id__listing_id__ref_dim_listings_cleansed_  [RUN]
5 of 5 PASS relationships_fct_reviews_listing_id__listing_id__ref_dim_listings_cleansed_  [[32mPASS[0m in 0.75s]

Finished running 1 incremental model, 4 tests in 0 hours 0 minutes and 8.66 seconds (8.66s).

[31mCompleted with 1 error and 0 warnings:[0m

  [Errno 5] Input/output error: '/mnt/c/Users/hrish/Desktop/temp/DBT - Udemy/dbtlearn/target/dbtlearn_partitioned_dbt_assets-9ae62ad-80df97c/run/dbtlearn/models/schema.yml/accepted_values_fct_reviews_beb36f129a533890a78cc01ac370ef78.sql'

Done. PASS=4 WARN=0 ERROR=1 SKIP=0 TOTAL=5
