[32m2025-03-23 19:09:17 -0500[0m - dagster - [34mDEBUG[0m - materialize_dbt_models - a17e29da-0aff-4eae-8394-72dc18fd71e1 - 467645 - LOGS_CAPTURED - Started capturing logs in process (pid: 467645).
[32m2025-03-23 19:09:17 -0500[0m - dagster - [34mDEBUG[0m - materialize_dbt_models - a17e29da-0aff-4eae-8394-72dc18fd71e1 - 467645 - dbtlearn_dbt_assets - STEP_START - Started execution of step "dbtlearn_dbt_assets".
[32m2025-03-23 19:09:26 -0500[0m - dagster - [34mINFO[0m - materialize_dbt_models - a17e29da-0aff-4eae-8394-72dc18fd71e1 - dbtlearn_dbt_assets - A dbt subsetted execution is not being performed. Using the default dbt selection arguments `['--select', 'fqn:*']`.
[32m2025-03-23 19:09:26 -0500[0m - dagster - [34mINFO[0m - materialize_dbt_models - a17e29da-0aff-4eae-8394-72dc18fd71e1 - dbtlearn_dbt_assets - Copying `/mnt/c/Users/hrish/Desktop/temp/DBT - Udemy/dbtlearn/target/partial_parse.msgpack` to `/mnt/c/Users/hrish/Desktop/temp/DBT - Udemy/dbtlearn/target/dbtlearn_dbt_assets-a17e29d-b80924e/partial_parse.msgpack` to take advantage of partial parsing.
[32m2025-03-23 19:09:26 -0500[0m - dagster - [34mINFO[0m - materialize_dbt_models - a17e29da-0aff-4eae-8394-72dc18fd71e1 - dbtlearn_dbt_assets - Running dbt command: `dbt build --select fqn:*`.
[32m2025-03-23 19:10:20 -0500[0m - dagster - [34mDEBUG[0m - materialize_dbt_models - a17e29da-0aff-4eae-8394-72dc18fd71e1 - 467645 - dbtlearn_dbt_assets - STEP_OUTPUT - Yielded output "seed_full_moon_dates" of type "Nothing". (Type check passed).
[32m2025-03-23 19:10:21 -0500[0m - dagster - [34mDEBUG[0m - materialize_dbt_models - a17e29da-0aff-4eae-8394-72dc18fd71e1 - 467645 - dbtlearn_dbt_assets - ASSET_MATERIALIZATION - Materialized value seed_full_moon_dates.
[32m2025-03-23 19:10:22 -0500[0m - dagster - [34mDEBUG[0m - materialize_dbt_models - a17e29da-0aff-4eae-8394-72dc18fd71e1 - 467645 - dbtlearn_dbt_assets - ASSET_OBSERVATION - ASSET_OBSERVATION for step dbtlearn_dbt_assets
[32m2025-03-23 19:10:22 -0500[0m - dagster - [34mDEBUG[0m - materialize_dbt_models - a17e29da-0aff-4eae-8394-72dc18fd71e1 - 467645 - dbtlearn_dbt_assets - ASSET_OBSERVATION - ASSET_OBSERVATION for step dbtlearn_dbt_assets
[32m2025-03-23 19:10:23 -0500[0m - dagster - [34mDEBUG[0m - materialize_dbt_models - a17e29da-0aff-4eae-8394-72dc18fd71e1 - 467645 - dbtlearn_dbt_assets - STEP_OUTPUT - Yielded output "dim_hosts_cleansed" of type "Nothing". (Type check passed).
[32m2025-03-23 19:10:23 -0500[0m - dagster - [34mDEBUG[0m - materialize_dbt_models - a17e29da-0aff-4eae-8394-72dc18fd71e1 - 467645 - dbtlearn_dbt_assets - ASSET_MATERIALIZATION - Materialized value dim_hosts_cleansed.
[32m2025-03-23 19:10:26 -0500[0m - dagster - [34mDEBUG[0m - materialize_dbt_models - a17e29da-0aff-4eae-8394-72dc18fd71e1 - 467645 - dbtlearn_dbt_assets - STEP_OUTPUT - Yielded output "fct_reviews" of type "Nothing". (Type check passed).
[32m2025-03-23 19:10:26 -0500[0m - dagster - [34mDEBUG[0m - materialize_dbt_models - a17e29da-0aff-4eae-8394-72dc18fd71e1 - 467645 - dbtlearn_dbt_assets - ASSET_MATERIALIZATION - Materialized value fct_reviews.
[32m2025-03-23 19:10:30 -0500[0m - dagster - [34mDEBUG[0m - materialize_dbt_models - a17e29da-0aff-4eae-8394-72dc18fd71e1 - 467645 - dbtlearn_dbt_assets - STEP_OUTPUT - Yielded output "scd_raw_listings" of type "Nothing". (Type check passed).
[32m2025-03-23 19:10:30 -0500[0m - dagster - [34mDEBUG[0m - materialize_dbt_models - a17e29da-0aff-4eae-8394-72dc18fd71e1 - 467645 - dbtlearn_dbt_assets - ASSET_MATERIALIZATION - Materialized value scd_raw_listings.
[32m2025-03-23 19:10:31 -0500[0m - dagster - [34mDEBUG[0m - materialize_dbt_models - a17e29da-0aff-4eae-8394-72dc18fd71e1 - 467645 - dbtlearn_dbt_assets - ASSET_OBSERVATION - ASSET_OBSERVATION for step dbtlearn_dbt_assets
[32m2025-03-23 19:10:32 -0500[0m - dagster - [34mDEBUG[0m - materialize_dbt_models - a17e29da-0aff-4eae-8394-72dc18fd71e1 - 467645 - dbtlearn_dbt_assets - ASSET_OBSERVATION - ASSET_OBSERVATION for step dbtlearn_dbt_assets
[32m2025-03-23 19:10:33 -0500[0m - dagster - [34mDEBUG[0m - materialize_dbt_models - a17e29da-0aff-4eae-8394-72dc18fd71e1 - 467645 - dbtlearn_dbt_assets - ASSET_OBSERVATION - ASSET_OBSERVATION for step dbtlearn_dbt_assets
[32m2025-03-23 19:10:34 -0500[0m - dagster - [34mDEBUG[0m - materialize_dbt_models - a17e29da-0aff-4eae-8394-72dc18fd71e1 - 467645 - dbtlearn_dbt_assets - ASSET_OBSERVATION - ASSET_OBSERVATION for step dbtlearn_dbt_assets
[32m2025-03-23 19:10:34 -0500[0m - dagster - [34mDEBUG[0m - materialize_dbt_models - a17e29da-0aff-4eae-8394-72dc18fd71e1 - 467645 - dbtlearn_dbt_assets - ASSET_OBSERVATION - ASSET_OBSERVATION for step dbtlearn_dbt_assets
[32m2025-03-23 19:10:35 -0500[0m - dagster - [34mDEBUG[0m - materialize_dbt_models - a17e29da-0aff-4eae-8394-72dc18fd71e1 - 467645 - dbtlearn_dbt_assets - ASSET_OBSERVATION - ASSET_OBSERVATION for step dbtlearn_dbt_assets
[32m2025-03-23 19:10:36 -0500[0m - dagster - [34mDEBUG[0m - materialize_dbt_models - a17e29da-0aff-4eae-8394-72dc18fd71e1 - 467645 - dbtlearn_dbt_assets - STEP_OUTPUT - Yielded output "dim_listings_cleansed" of type "Nothing". (Type check passed).
[32m2025-03-23 19:10:36 -0500[0m - dagster - [34mDEBUG[0m - materialize_dbt_models - a17e29da-0aff-4eae-8394-72dc18fd71e1 - 467645 - dbtlearn_dbt_assets - ASSET_MATERIALIZATION - Materialized value dim_listings_cleansed.
[32m2025-03-23 19:10:40 -0500[0m - dagster - [34mDEBUG[0m - materialize_dbt_models - a17e29da-0aff-4eae-8394-72dc18fd71e1 - 467645 - dbtlearn_dbt_assets - STEP_OUTPUT - Yielded output "mart_fullmoon_reviews" of type "Nothing". (Type check passed).
[32m2025-03-23 19:10:40 -0500[0m - dagster - [34mDEBUG[0m - materialize_dbt_models - a17e29da-0aff-4eae-8394-72dc18fd71e1 - 467645 - dbtlearn_dbt_assets - ASSET_MATERIALIZATION - Materialized value mart_fullmoon_reviews.
[32m2025-03-23 19:10:41 -0500[0m - dagster - [34mDEBUG[0m - materialize_dbt_models - a17e29da-0aff-4eae-8394-72dc18fd71e1 - 467645 - dbtlearn_dbt_assets - ASSET_OBSERVATION - ASSET_OBSERVATION for step dbtlearn_dbt_assets
[32m2025-03-23 19:10:41 -0500[0m - dagster - [34mDEBUG[0m - materialize_dbt_models - a17e29da-0aff-4eae-8394-72dc18fd71e1 - 467645 - dbtlearn_dbt_assets - ASSET_OBSERVATION - ASSET_OBSERVATION for step dbtlearn_dbt_assets
[32m2025-03-23 19:10:42 -0500[0m - dagster - [34mDEBUG[0m - materialize_dbt_models - a17e29da-0aff-4eae-8394-72dc18fd71e1 - 467645 - dbtlearn_dbt_assets - ASSET_OBSERVATION - ASSET_OBSERVATION for step dbtlearn_dbt_assets
[32m2025-03-23 19:10:42 -0500[0m - dagster - [34mDEBUG[0m - materialize_dbt_models - a17e29da-0aff-4eae-8394-72dc18fd71e1 - 467645 - dbtlearn_dbt_assets - ASSET_OBSERVATION - ASSET_OBSERVATION for step dbtlearn_dbt_assets
[32m2025-03-23 19:10:43 -0500[0m - dagster - [34mDEBUG[0m - materialize_dbt_models - a17e29da-0aff-4eae-8394-72dc18fd71e1 - 467645 - dbtlearn_dbt_assets - ASSET_OBSERVATION - ASSET_OBSERVATION for step dbtlearn_dbt_assets
[32m2025-03-23 19:10:44 -0500[0m - dagster - [34mDEBUG[0m - materialize_dbt_models - a17e29da-0aff-4eae-8394-72dc18fd71e1 - 467645 - dbtlearn_dbt_assets - ASSET_OBSERVATION - ASSET_OBSERVATION for step dbtlearn_dbt_assets
[32m2025-03-23 19:10:45 -0500[0m - dagster - [34mDEBUG[0m - materialize_dbt_models - a17e29da-0aff-4eae-8394-72dc18fd71e1 - 467645 - dbtlearn_dbt_assets - ASSET_OBSERVATION - ASSET_OBSERVATION for step dbtlearn_dbt_assets
[32m2025-03-23 19:10:46 -0500[0m - dagster - [34mDEBUG[0m - materialize_dbt_models - a17e29da-0aff-4eae-8394-72dc18fd71e1 - 467645 - dbtlearn_dbt_assets - ASSET_OBSERVATION - ASSET_OBSERVATION for step dbtlearn_dbt_assets
[32m2025-03-23 19:10:47 -0500[0m - dagster - [34mDEBUG[0m - materialize_dbt_models - a17e29da-0aff-4eae-8394-72dc18fd71e1 - 467645 - dbtlearn_dbt_assets - ASSET_OBSERVATION - ASSET_OBSERVATION for step dbtlearn_dbt_assets
[32m2025-03-23 19:10:47 -0500[0m - dagster - [34mDEBUG[0m - materialize_dbt_models - a17e29da-0aff-4eae-8394-72dc18fd71e1 - 467645 - dbtlearn_dbt_assets - ASSET_OBSERVATION - ASSET_OBSERVATION for step dbtlearn_dbt_assets
[32m2025-03-23 19:10:48 -0500[0m - dagster - [34mDEBUG[0m - materialize_dbt_models - a17e29da-0aff-4eae-8394-72dc18fd71e1 - 467645 - dbtlearn_dbt_assets - ASSET_OBSERVATION - ASSET_OBSERVATION for step dbtlearn_dbt_assets
[32m2025-03-23 19:10:48 -0500[0m - dagster - [34mDEBUG[0m - materialize_dbt_models - a17e29da-0aff-4eae-8394-72dc18fd71e1 - 467645 - dbtlearn_dbt_assets - ASSET_OBSERVATION - ASSET_OBSERVATION for step dbtlearn_dbt_assets
[32m2025-03-23 19:10:49 -0500[0m - dagster - [34mDEBUG[0m - materialize_dbt_models - a17e29da-0aff-4eae-8394-72dc18fd71e1 - 467645 - dbtlearn_dbt_assets - ASSET_OBSERVATION - ASSET_OBSERVATION for step dbtlearn_dbt_assets
[32m2025-03-23 19:10:50 -0500[0m - dagster - [34mDEBUG[0m - materialize_dbt_models - a17e29da-0aff-4eae-8394-72dc18fd71e1 - 467645 - dbtlearn_dbt_assets - STEP_OUTPUT - Yielded output "dim_listings_w_hosts" of type "Nothing". (Type check passed).
[32m2025-03-23 19:10:51 -0500[0m - dagster - [34mDEBUG[0m - materialize_dbt_models - a17e29da-0aff-4eae-8394-72dc18fd71e1 - 467645 - dbtlearn_dbt_assets - ASSET_MATERIALIZATION - Materialized value dim_listings_w_hosts.
[32m2025-03-23 19:10:51 -0500[0m - dagster - [34mDEBUG[0m - materialize_dbt_models - a17e29da-0aff-4eae-8394-72dc18fd71e1 - 467645 - dbtlearn_dbt_assets - ASSET_OBSERVATION - ASSET_OBSERVATION for step dbtlearn_dbt_assets
[32m2025-03-23 19:10:52 -0500[0m - dagster - [34mDEBUG[0m - materialize_dbt_models - a17e29da-0aff-4eae-8394-72dc18fd71e1 - 467645 - dbtlearn_dbt_assets - ASSET_OBSERVATION - ASSET_OBSERVATION for step dbtlearn_dbt_assets
[32m2025-03-23 19:10:52 -0500[0m - dagster - [34mDEBUG[0m - materialize_dbt_models - a17e29da-0aff-4eae-8394-72dc18fd71e1 - 467645 - dbtlearn_dbt_assets - ASSET_OBSERVATION - ASSET_OBSERVATION for step dbtlearn_dbt_assets
[32m2025-03-23 19:10:53 -0500[0m - dagster - [34mDEBUG[0m - materialize_dbt_models - a17e29da-0aff-4eae-8394-72dc18fd71e1 - 467645 - dbtlearn_dbt_assets - ASSET_OBSERVATION - ASSET_OBSERVATION for step dbtlearn_dbt_assets
[32m2025-03-23 19:10:54 -0500[0m - dagster - [34mDEBUG[0m - materialize_dbt_models - a17e29da-0aff-4eae-8394-72dc18fd71e1 - 467645 - dbtlearn_dbt_assets - ASSET_OBSERVATION - ASSET_OBSERVATION for step dbtlearn_dbt_assets
[32m2025-03-23 19:10:54 -0500[0m - dagster - [34mDEBUG[0m - materialize_dbt_models - a17e29da-0aff-4eae-8394-72dc18fd71e1 - 467645 - dbtlearn_dbt_assets - STEP_SUCCESS - Finished execution of step "dbtlearn_dbt_assets" in 1m27s.
