[32m2025-03-30 18:46:55 -0500[0m - dagster - [34mDEBUG[0m - materialize_dbt_models - d7c5b602-18dd-4783-9506-0d154b6078b4 - 304546 - LOGS_CAPTURED - Started capturing logs in process (pid: 304546).
[32m2025-03-30 18:46:55 -0500[0m - dagster - [34mDEBUG[0m - materialize_dbt_models - d7c5b602-18dd-4783-9506-0d154b6078b4 - 304546 - dbtlearn_dbt_assets - STEP_START - Started execution of step "dbtlearn_dbt_assets".
[32m2025-03-30 18:47:02 -0500[0m - dagster - [34mINFO[0m - materialize_dbt_models - d7c5b602-18dd-4783-9506-0d154b6078b4 - dbtlearn_dbt_assets - A dbt subsetted execution is not being performed. Using the default dbt selection arguments `['--select', 'fqn:*', '--exclude', 'fct_reviews']`.
[32m2025-03-30 18:47:02 -0500[0m - dagster - [34mINFO[0m - materialize_dbt_models - d7c5b602-18dd-4783-9506-0d154b6078b4 - dbtlearn_dbt_assets - Copying `/mnt/c/Users/hrish/Desktop/temp/DBT - Udemy/dbtlearn/target/partial_parse.msgpack` to `/mnt/c/Users/hrish/Desktop/temp/DBT - Udemy/dbtlearn/target/dbtlearn_dbt_assets-d7c5b60-054aafd/partial_parse.msgpack` to take advantage of partial parsing.
[32m2025-03-30 18:47:02 -0500[0m - dagster - [34mINFO[0m - materialize_dbt_models - d7c5b602-18dd-4783-9506-0d154b6078b4 - dbtlearn_dbt_assets - Running dbt command: `dbt build --select fqn:* --exclude fct_reviews`.
[32m2025-03-30 18:47:53 -0500[0m - dagster - [34mDEBUG[0m - materialize_dbt_models - d7c5b602-18dd-4783-9506-0d154b6078b4 - 304546 - dbtlearn_dbt_assets - STEP_OUTPUT - Yielded output "seed_full_moon_dates" of type "Nothing". (Type check passed).
[32m2025-03-30 18:47:53 -0500[0m - dagster - [34mDEBUG[0m - materialize_dbt_models - d7c5b602-18dd-4783-9506-0d154b6078b4 - 304546 - dbtlearn_dbt_assets - ASSET_MATERIALIZATION - Materialized value seed_full_moon_dates.
[32m2025-03-30 18:47:54 -0500[0m - dagster - [34mDEBUG[0m - materialize_dbt_models - d7c5b602-18dd-4783-9506-0d154b6078b4 - 304546 - dbtlearn_dbt_assets - ASSET_OBSERVATION - ASSET_OBSERVATION for step dbtlearn_dbt_assets
[32m2025-03-30 18:47:54 -0500[0m - dagster - [34mDEBUG[0m - materialize_dbt_models - d7c5b602-18dd-4783-9506-0d154b6078b4 - 304546 - dbtlearn_dbt_assets - ASSET_OBSERVATION - ASSET_OBSERVATION for step dbtlearn_dbt_assets
[32m2025-03-30 18:47:55 -0500[0m - dagster - [34mDEBUG[0m - materialize_dbt_models - d7c5b602-18dd-4783-9506-0d154b6078b4 - 304546 - dbtlearn_dbt_assets - STEP_OUTPUT - Yielded output "dim_hosts_cleansed" of type "Nothing". (Type check passed).
[32m2025-03-30 18:47:56 -0500[0m - dagster - [34mDEBUG[0m - materialize_dbt_models - d7c5b602-18dd-4783-9506-0d154b6078b4 - 304546 - dbtlearn_dbt_assets - ASSET_MATERIALIZATION - Materialized value dim_hosts_cleansed.
[32m2025-03-30 18:47:58 -0500[0m - dagster - [34mDEBUG[0m - materialize_dbt_models - d7c5b602-18dd-4783-9506-0d154b6078b4 - 304546 - dbtlearn_dbt_assets - STEP_OUTPUT - Yielded output "mart_fullmoon_reviews" of type "Nothing". (Type check passed).
[32m2025-03-30 18:47:59 -0500[0m - dagster - [34mDEBUG[0m - materialize_dbt_models - d7c5b602-18dd-4783-9506-0d154b6078b4 - 304546 - dbtlearn_dbt_assets - ASSET_MATERIALIZATION - Materialized value mart_fullmoon_reviews.
[32m2025-03-30 18:48:02 -0500[0m - dagster - [34mDEBUG[0m - materialize_dbt_models - d7c5b602-18dd-4783-9506-0d154b6078b4 - 304546 - dbtlearn_dbt_assets - STEP_OUTPUT - Yielded output "scd_raw_listings" of type "Nothing". (Type check passed).
[32m2025-03-30 18:48:02 -0500[0m - dagster - [34mDEBUG[0m - materialize_dbt_models - d7c5b602-18dd-4783-9506-0d154b6078b4 - 304546 - dbtlearn_dbt_assets - ASSET_MATERIALIZATION - Materialized value scd_raw_listings.
[32m2025-03-30 18:48:03 -0500[0m - dagster - [34mDEBUG[0m - materialize_dbt_models - d7c5b602-18dd-4783-9506-0d154b6078b4 - 304546 - dbtlearn_dbt_assets - ASSET_OBSERVATION - ASSET_OBSERVATION for step dbtlearn_dbt_assets
[32m2025-03-30 18:48:03 -0500[0m - dagster - [34mDEBUG[0m - materialize_dbt_models - d7c5b602-18dd-4783-9506-0d154b6078b4 - 304546 - dbtlearn_dbt_assets - ASSET_OBSERVATION - ASSET_OBSERVATION for step dbtlearn_dbt_assets
[32m2025-03-30 18:48:04 -0500[0m - dagster - [34mDEBUG[0m - materialize_dbt_models - d7c5b602-18dd-4783-9506-0d154b6078b4 - 304546 - dbtlearn_dbt_assets - ASSET_OBSERVATION - ASSET_OBSERVATION for step dbtlearn_dbt_assets
[32m2025-03-30 18:48:04 -0500[0m - dagster - [34mDEBUG[0m - materialize_dbt_models - d7c5b602-18dd-4783-9506-0d154b6078b4 - 304546 - dbtlearn_dbt_assets - ASSET_OBSERVATION - ASSET_OBSERVATION for step dbtlearn_dbt_assets
[32m2025-03-30 18:48:05 -0500[0m - dagster - [34mDEBUG[0m - materialize_dbt_models - d7c5b602-18dd-4783-9506-0d154b6078b4 - 304546 - dbtlearn_dbt_assets - STEP_OUTPUT - Yielded output "dim_listings_cleansed" of type "Nothing". (Type check passed).
[32m2025-03-30 18:48:06 -0500[0m - dagster - [34mDEBUG[0m - materialize_dbt_models - d7c5b602-18dd-4783-9506-0d154b6078b4 - 304546 - dbtlearn_dbt_assets - ASSET_MATERIALIZATION - Materialized value dim_listings_cleansed.
[32m2025-03-30 18:48:06 -0500[0m - dagster - [34mDEBUG[0m - materialize_dbt_models - d7c5b602-18dd-4783-9506-0d154b6078b4 - 304546 - dbtlearn_dbt_assets - ASSET_OBSERVATION - ASSET_OBSERVATION for step dbtlearn_dbt_assets
[32m2025-03-30 18:48:07 -0500[0m - dagster - [34mDEBUG[0m - materialize_dbt_models - d7c5b602-18dd-4783-9506-0d154b6078b4 - 304546 - dbtlearn_dbt_assets - ASSET_OBSERVATION - ASSET_OBSERVATION for step dbtlearn_dbt_assets
[32m2025-03-30 18:48:07 -0500[0m - dagster - [34mDEBUG[0m - materialize_dbt_models - d7c5b602-18dd-4783-9506-0d154b6078b4 - 304546 - dbtlearn_dbt_assets - ASSET_OBSERVATION - ASSET_OBSERVATION for step dbtlearn_dbt_assets
[32m2025-03-30 18:48:08 -0500[0m - dagster - [34mDEBUG[0m - materialize_dbt_models - d7c5b602-18dd-4783-9506-0d154b6078b4 - 304546 - dbtlearn_dbt_assets - ASSET_OBSERVATION - ASSET_OBSERVATION for step dbtlearn_dbt_assets
[32m2025-03-30 18:48:08 -0500[0m - dagster - [34mDEBUG[0m - materialize_dbt_models - d7c5b602-18dd-4783-9506-0d154b6078b4 - 304546 - dbtlearn_dbt_assets - ASSET_OBSERVATION - ASSET_OBSERVATION for step dbtlearn_dbt_assets
[32m2025-03-30 18:48:09 -0500[0m - dagster - [34mDEBUG[0m - materialize_dbt_models - d7c5b602-18dd-4783-9506-0d154b6078b4 - 304546 - dbtlearn_dbt_assets - ASSET_OBSERVATION - ASSET_OBSERVATION for step dbtlearn_dbt_assets
[32m2025-03-30 18:48:09 -0500[0m - dagster - [34mDEBUG[0m - materialize_dbt_models - d7c5b602-18dd-4783-9506-0d154b6078b4 - 304546 - dbtlearn_dbt_assets - ASSET_OBSERVATION - ASSET_OBSERVATION for step dbtlearn_dbt_assets
[32m2025-03-30 18:48:10 -0500[0m - dagster - [34mDEBUG[0m - materialize_dbt_models - d7c5b602-18dd-4783-9506-0d154b6078b4 - 304546 - dbtlearn_dbt_assets - ASSET_OBSERVATION - ASSET_OBSERVATION for step dbtlearn_dbt_assets
[32m2025-03-30 18:48:10 -0500[0m - dagster - [34mDEBUG[0m - materialize_dbt_models - d7c5b602-18dd-4783-9506-0d154b6078b4 - 304546 - dbtlearn_dbt_assets - ASSET_OBSERVATION - ASSET_OBSERVATION for step dbtlearn_dbt_assets
[32m2025-03-30 18:48:11 -0500[0m - dagster - [34mDEBUG[0m - materialize_dbt_models - d7c5b602-18dd-4783-9506-0d154b6078b4 - 304546 - dbtlearn_dbt_assets - STEP_OUTPUT - Yielded output "dim_listings_w_hosts" of type "Nothing". (Type check passed).
[32m2025-03-30 18:48:12 -0500[0m - dagster - [34mDEBUG[0m - materialize_dbt_models - d7c5b602-18dd-4783-9506-0d154b6078b4 - 304546 - dbtlearn_dbt_assets - ASSET_MATERIALIZATION - Materialized value dim_listings_w_hosts.
[32m2025-03-30 18:48:12 -0500[0m - dagster - [34mDEBUG[0m - materialize_dbt_models - d7c5b602-18dd-4783-9506-0d154b6078b4 - 304546 - dbtlearn_dbt_assets - ASSET_OBSERVATION - ASSET_OBSERVATION for step dbtlearn_dbt_assets
[32m2025-03-30 18:48:13 -0500[0m - dagster - [34mDEBUG[0m - materialize_dbt_models - d7c5b602-18dd-4783-9506-0d154b6078b4 - 304546 - dbtlearn_dbt_assets - ASSET_OBSERVATION - ASSET_OBSERVATION for step dbtlearn_dbt_assets
[32m2025-03-30 18:48:13 -0500[0m - dagster - [34mDEBUG[0m - materialize_dbt_models - d7c5b602-18dd-4783-9506-0d154b6078b4 - 304546 - dbtlearn_dbt_assets - ASSET_OBSERVATION - ASSET_OBSERVATION for step dbtlearn_dbt_assets
[32m2025-03-30 18:48:14 -0500[0m - dagster - [34mDEBUG[0m - materialize_dbt_models - d7c5b602-18dd-4783-9506-0d154b6078b4 - 304546 - dbtlearn_dbt_assets - ASSET_OBSERVATION - ASSET_OBSERVATION for step dbtlearn_dbt_assets
[32m2025-03-30 18:48:14 -0500[0m - dagster - [34mDEBUG[0m - materialize_dbt_models - d7c5b602-18dd-4783-9506-0d154b6078b4 - 304546 - dbtlearn_dbt_assets - ASSET_OBSERVATION - ASSET_OBSERVATION for step dbtlearn_dbt_assets
[32m2025-03-30 18:48:14 -0500[0m - dagster - [34mDEBUG[0m - materialize_dbt_models - d7c5b602-18dd-4783-9506-0d154b6078b4 - 304546 - dbtlearn_dbt_assets - STEP_SUCCESS - Finished execution of step "dbtlearn_dbt_assets" in 1m12s.
