[32m2025-03-26 21:32:06 -0500[0m - dagster - [34mDEBUG[0m - materialize_dbt_models - 7a509964-d7f7-4eed-a19a-79b742a3de54 - 8412 - LOGS_CAPTURED - Started capturing logs in process (pid: 8412).
[32m2025-03-26 21:32:06 -0500[0m - dagster - [34mDEBUG[0m - materialize_dbt_models - 7a509964-d7f7-4eed-a19a-79b742a3de54 - 8412 - dbtlearn_dbt_assets - STEP_START - Started execution of step "dbtlearn_dbt_assets".
[32m2025-03-26 21:32:12 -0500[0m - dagster - [34mINFO[0m - materialize_dbt_models - 7a509964-d7f7-4eed-a19a-79b742a3de54 - dbtlearn_dbt_assets - A dbt subsetted execution is not being performed. Using the default dbt selection arguments `['--select', 'fqn:*']`.
[32m2025-03-26 21:32:12 -0500[0m - dagster - [34mINFO[0m - materialize_dbt_models - 7a509964-d7f7-4eed-a19a-79b742a3de54 - dbtlearn_dbt_assets - Copying `/mnt/c/Users/hrish/Desktop/temp/DBT - Udemy/dbtlearn/target/partial_parse.msgpack` to `/mnt/c/Users/hrish/Desktop/temp/DBT - Udemy/dbtlearn/target/dbtlearn_dbt_assets-7a50996-2a74266/partial_parse.msgpack` to take advantage of partial parsing.
[32m2025-03-26 21:32:12 -0500[0m - dagster - [34mINFO[0m - materialize_dbt_models - 7a509964-d7f7-4eed-a19a-79b742a3de54 - dbtlearn_dbt_assets - Running dbt command: `dbt build --select fqn:*`.
[32m2025-03-26 21:33:03 -0500[0m - dagster - [34mDEBUG[0m - materialize_dbt_models - 7a509964-d7f7-4eed-a19a-79b742a3de54 - 8412 - dbtlearn_dbt_assets - STEP_OUTPUT - Yielded output "seed_full_moon_dates" of type "Nothing". (Type check passed).
[32m2025-03-26 21:33:04 -0500[0m - dagster - [34mDEBUG[0m - materialize_dbt_models - 7a509964-d7f7-4eed-a19a-79b742a3de54 - 8412 - dbtlearn_dbt_assets - ASSET_MATERIALIZATION - Materialized value seed_full_moon_dates.
[32m2025-03-26 21:33:05 -0500[0m - dagster - [34mDEBUG[0m - materialize_dbt_models - 7a509964-d7f7-4eed-a19a-79b742a3de54 - 8412 - dbtlearn_dbt_assets - ASSET_OBSERVATION - ASSET_OBSERVATION for step dbtlearn_dbt_assets
[32m2025-03-26 21:33:06 -0500[0m - dagster - [34mDEBUG[0m - materialize_dbt_models - 7a509964-d7f7-4eed-a19a-79b742a3de54 - 8412 - dbtlearn_dbt_assets - ASSET_OBSERVATION - ASSET_OBSERVATION for step dbtlearn_dbt_assets
[32m2025-03-26 21:33:08 -0500[0m - dagster - [34mDEBUG[0m - materialize_dbt_models - 7a509964-d7f7-4eed-a19a-79b742a3de54 - 8412 - dbtlearn_dbt_assets - STEP_OUTPUT - Yielded output "dim_hosts_cleansed" of type "Nothing". (Type check passed).
[32m2025-03-26 21:33:08 -0500[0m - dagster - [34mDEBUG[0m - materialize_dbt_models - 7a509964-d7f7-4eed-a19a-79b742a3de54 - 8412 - dbtlearn_dbt_assets - ASSET_MATERIALIZATION - Materialized value dim_hosts_cleansed.
[32m2025-03-26 21:33:12 -0500[0m - dagster - [34mDEBUG[0m - materialize_dbt_models - 7a509964-d7f7-4eed-a19a-79b742a3de54 - 8412 - dbtlearn_dbt_assets - STEP_OUTPUT - Yielded output "fct_reviews" of type "Nothing". (Type check passed).
[32m2025-03-26 21:33:12 -0500[0m - dagster - [34mDEBUG[0m - materialize_dbt_models - 7a509964-d7f7-4eed-a19a-79b742a3de54 - 8412 - dbtlearn_dbt_assets - ASSET_MATERIALIZATION - Materialized value fct_reviews.
[32m2025-03-26 21:33:17 -0500[0m - dagster - [34mDEBUG[0m - materialize_dbt_models - 7a509964-d7f7-4eed-a19a-79b742a3de54 - 8412 - dbtlearn_dbt_assets - STEP_OUTPUT - Yielded output "scd_raw_listings" of type "Nothing". (Type check passed).
[32m2025-03-26 21:33:18 -0500[0m - dagster - [34mDEBUG[0m - materialize_dbt_models - 7a509964-d7f7-4eed-a19a-79b742a3de54 - 8412 - dbtlearn_dbt_assets - ASSET_MATERIALIZATION - Materialized value scd_raw_listings.
[32m2025-03-26 21:33:19 -0500[0m - dagster - [34mDEBUG[0m - materialize_dbt_models - 7a509964-d7f7-4eed-a19a-79b742a3de54 - 8412 - dbtlearn_dbt_assets - ASSET_OBSERVATION - ASSET_OBSERVATION for step dbtlearn_dbt_assets
[32m2025-03-26 21:33:20 -0500[0m - dagster - [34mDEBUG[0m - materialize_dbt_models - 7a509964-d7f7-4eed-a19a-79b742a3de54 - 8412 - dbtlearn_dbt_assets - ASSET_OBSERVATION - ASSET_OBSERVATION for step dbtlearn_dbt_assets
[32m2025-03-26 21:33:22 -0500[0m - dagster - [34mDEBUG[0m - materialize_dbt_models - 7a509964-d7f7-4eed-a19a-79b742a3de54 - 8412 - dbtlearn_dbt_assets - ASSET_OBSERVATION - ASSET_OBSERVATION for step dbtlearn_dbt_assets
[32m2025-03-26 21:33:23 -0500[0m - dagster - [34mDEBUG[0m - materialize_dbt_models - 7a509964-d7f7-4eed-a19a-79b742a3de54 - 8412 - dbtlearn_dbt_assets - ASSET_OBSERVATION - ASSET_OBSERVATION for step dbtlearn_dbt_assets
[32m2025-03-26 21:33:24 -0500[0m - dagster - [34mDEBUG[0m - materialize_dbt_models - 7a509964-d7f7-4eed-a19a-79b742a3de54 - 8412 - dbtlearn_dbt_assets - ASSET_OBSERVATION - ASSET_OBSERVATION for step dbtlearn_dbt_assets
[32m2025-03-26 21:33:25 -0500[0m - dagster - [34mDEBUG[0m - materialize_dbt_models - 7a509964-d7f7-4eed-a19a-79b742a3de54 - 8412 - dbtlearn_dbt_assets - ASSET_OBSERVATION - ASSET_OBSERVATION for step dbtlearn_dbt_assets
[32m2025-03-26 21:33:27 -0500[0m - dagster - [34mDEBUG[0m - materialize_dbt_models - 7a509964-d7f7-4eed-a19a-79b742a3de54 - 8412 - dbtlearn_dbt_assets - STEP_OUTPUT - Yielded output "dim_listings_cleansed" of type "Nothing". (Type check passed).
[32m2025-03-26 21:33:27 -0500[0m - dagster - [34mDEBUG[0m - materialize_dbt_models - 7a509964-d7f7-4eed-a19a-79b742a3de54 - 8412 - dbtlearn_dbt_assets - ASSET_MATERIALIZATION - Materialized value dim_listings_cleansed.
[32m2025-03-26 21:33:31 -0500[0m - dagster - [34mDEBUG[0m - materialize_dbt_models - 7a509964-d7f7-4eed-a19a-79b742a3de54 - 8412 - dbtlearn_dbt_assets - STEP_OUTPUT - Yielded output "mart_fullmoon_reviews" of type "Nothing". (Type check passed).
[32m2025-03-26 21:33:32 -0500[0m - dagster - [34mDEBUG[0m - materialize_dbt_models - 7a509964-d7f7-4eed-a19a-79b742a3de54 - 8412 - dbtlearn_dbt_assets - ASSET_MATERIALIZATION - Materialized value mart_fullmoon_reviews.
[32m2025-03-26 21:33:33 -0500[0m - dagster - [34mDEBUG[0m - materialize_dbt_models - 7a509964-d7f7-4eed-a19a-79b742a3de54 - 8412 - dbtlearn_dbt_assets - ASSET_OBSERVATION - ASSET_OBSERVATION for step dbtlearn_dbt_assets
[32m2025-03-26 21:33:34 -0500[0m - dagster - [34mDEBUG[0m - materialize_dbt_models - 7a509964-d7f7-4eed-a19a-79b742a3de54 - 8412 - dbtlearn_dbt_assets - ASSET_OBSERVATION - ASSET_OBSERVATION for step dbtlearn_dbt_assets
[32m2025-03-26 21:33:34 -0500[0m - dagster - [34mDEBUG[0m - materialize_dbt_models - 7a509964-d7f7-4eed-a19a-79b742a3de54 - 8412 - dbtlearn_dbt_assets - ASSET_OBSERVATION - ASSET_OBSERVATION for step dbtlearn_dbt_assets
[32m2025-03-26 21:33:35 -0500[0m - dagster - [34mDEBUG[0m - materialize_dbt_models - 7a509964-d7f7-4eed-a19a-79b742a3de54 - 8412 - dbtlearn_dbt_assets - ASSET_OBSERVATION - ASSET_OBSERVATION for step dbtlearn_dbt_assets
[32m2025-03-26 21:33:36 -0500[0m - dagster - [34mDEBUG[0m - materialize_dbt_models - 7a509964-d7f7-4eed-a19a-79b742a3de54 - 8412 - dbtlearn_dbt_assets - ASSET_OBSERVATION - ASSET_OBSERVATION for step dbtlearn_dbt_assets
[32m2025-03-26 21:33:37 -0500[0m - dagster - [34mDEBUG[0m - materialize_dbt_models - 7a509964-d7f7-4eed-a19a-79b742a3de54 - 8412 - dbtlearn_dbt_assets - ASSET_OBSERVATION - ASSET_OBSERVATION for step dbtlearn_dbt_assets
[32m2025-03-26 21:33:38 -0500[0m - dagster - [34mDEBUG[0m - materialize_dbt_models - 7a509964-d7f7-4eed-a19a-79b742a3de54 - 8412 - dbtlearn_dbt_assets - ASSET_OBSERVATION - ASSET_OBSERVATION for step dbtlearn_dbt_assets
[32m2025-03-26 21:33:41 -0500[0m - dagster - [34mDEBUG[0m - materialize_dbt_models - 7a509964-d7f7-4eed-a19a-79b742a3de54 - 8412 - dbtlearn_dbt_assets - ASSET_OBSERVATION - ASSET_OBSERVATION for step dbtlearn_dbt_assets
[32m2025-03-26 21:33:42 -0500[0m - dagster - [34mDEBUG[0m - materialize_dbt_models - 7a509964-d7f7-4eed-a19a-79b742a3de54 - 8412 - dbtlearn_dbt_assets - ASSET_OBSERVATION - ASSET_OBSERVATION for step dbtlearn_dbt_assets
[32m2025-03-26 21:33:42 -0500[0m - dagster - [34mDEBUG[0m - materialize_dbt_models - 7a509964-d7f7-4eed-a19a-79b742a3de54 - 8412 - dbtlearn_dbt_assets - ASSET_OBSERVATION - ASSET_OBSERVATION for step dbtlearn_dbt_assets
[32m2025-03-26 21:33:43 -0500[0m - dagster - [34mDEBUG[0m - materialize_dbt_models - 7a509964-d7f7-4eed-a19a-79b742a3de54 - 8412 - dbtlearn_dbt_assets - ASSET_OBSERVATION - ASSET_OBSERVATION for step dbtlearn_dbt_assets
[32m2025-03-26 21:33:43 -0500[0m - dagster - [34mDEBUG[0m - materialize_dbt_models - 7a509964-d7f7-4eed-a19a-79b742a3de54 - 8412 - dbtlearn_dbt_assets - ASSET_OBSERVATION - ASSET_OBSERVATION for step dbtlearn_dbt_assets
[32m2025-03-26 21:33:44 -0500[0m - dagster - [34mDEBUG[0m - materialize_dbt_models - 7a509964-d7f7-4eed-a19a-79b742a3de54 - 8412 - dbtlearn_dbt_assets - ASSET_OBSERVATION - ASSET_OBSERVATION for step dbtlearn_dbt_assets
[32m2025-03-26 21:33:46 -0500[0m - dagster - [34mDEBUG[0m - materialize_dbt_models - 7a509964-d7f7-4eed-a19a-79b742a3de54 - 8412 - dbtlearn_dbt_assets - STEP_OUTPUT - Yielded output "dim_listings_w_hosts" of type "Nothing". (Type check passed).
[32m2025-03-26 21:33:47 -0500[0m - dagster - [34mDEBUG[0m - materialize_dbt_models - 7a509964-d7f7-4eed-a19a-79b742a3de54 - 8412 - dbtlearn_dbt_assets - ASSET_MATERIALIZATION - Materialized value dim_listings_w_hosts.
[32m2025-03-26 21:33:47 -0500[0m - dagster - [34mDEBUG[0m - materialize_dbt_models - 7a509964-d7f7-4eed-a19a-79b742a3de54 - 8412 - dbtlearn_dbt_assets - ASSET_OBSERVATION - ASSET_OBSERVATION for step dbtlearn_dbt_assets
[32m2025-03-26 21:33:48 -0500[0m - dagster - [34mDEBUG[0m - materialize_dbt_models - 7a509964-d7f7-4eed-a19a-79b742a3de54 - 8412 - dbtlearn_dbt_assets - ASSET_OBSERVATION - ASSET_OBSERVATION for step dbtlearn_dbt_assets
[32m2025-03-26 21:33:50 -0500[0m - dagster - [34mDEBUG[0m - materialize_dbt_models - 7a509964-d7f7-4eed-a19a-79b742a3de54 - 8412 - dbtlearn_dbt_assets - ASSET_OBSERVATION - ASSET_OBSERVATION for step dbtlearn_dbt_assets
[32m2025-03-26 21:33:52 -0500[0m - dagster - [34mDEBUG[0m - materialize_dbt_models - 7a509964-d7f7-4eed-a19a-79b742a3de54 - 8412 - dbtlearn_dbt_assets - ASSET_OBSERVATION - ASSET_OBSERVATION for step dbtlearn_dbt_assets
[32m2025-03-26 21:33:52 -0500[0m - dagster - [34mDEBUG[0m - materialize_dbt_models - 7a509964-d7f7-4eed-a19a-79b742a3de54 - 8412 - dbtlearn_dbt_assets - ASSET_OBSERVATION - ASSET_OBSERVATION for step dbtlearn_dbt_assets
[32m2025-03-26 21:33:52 -0500[0m - dagster - [34mDEBUG[0m - materialize_dbt_models - 7a509964-d7f7-4eed-a19a-79b742a3de54 - 8412 - dbtlearn_dbt_assets - STEP_SUCCESS - Finished execution of step "dbtlearn_dbt_assets" in 1m39s.
