[32m2025-03-30 19:25:25 -0500[0m - dagster - [34mDEBUG[0m - __ASSET_JOB_0 - 2ba9ca1f-a4ef-4918-80b4-ce2f30d474b8 - 353456 - LOGS_CAPTURED - Started capturing logs in process (pid: 353456).
[32m2025-03-30 19:25:25 -0500[0m - dagster - [34mDEBUG[0m - __ASSET_JOB_0 - 2ba9ca1f-a4ef-4918-80b4-ce2f30d474b8 - 353456 - dbtlearn_partitioned_dbt_assets - STEP_START - Started execution of step "dbtlearn_partitioned_dbt_assets".
[32m2025-03-30 19:25:28 -0500[0m - dagster - [34mINFO[0m - __ASSET_JOB_0 - 2ba9ca1f-a4ef-4918-80b4-ce2f30d474b8 - dbtlearn_partitioned_dbt_assets - A dbt subsetted execution is not being performed. Using the default dbt selection arguments `['--select', 'fct_reviews']`.
[32m2025-03-30 19:25:28 -0500[0m - dagster - [34mINFO[0m - __ASSET_JOB_0 - 2ba9ca1f-a4ef-4918-80b4-ce2f30d474b8 - dbtlearn_partitioned_dbt_assets - Copying `/mnt/c/Users/hrish/Desktop/temp/DBT - Udemy/dbtlearn/target/partial_parse.msgpack` to `/mnt/c/Users/hrish/Desktop/temp/DBT - Udemy/dbtlearn/target/dbtlearn_partitioned_dbt_assets-2ba9ca1-5da933a/partial_parse.msgpack` to take advantage of partial parsing.
[32m2025-03-30 19:25:28 -0500[0m - dagster - [34mINFO[0m - __ASSET_JOB_0 - 2ba9ca1f-a4ef-4918-80b4-ce2f30d474b8 - dbtlearn_partitioned_dbt_assets - Running dbt command: `dbt build --vars {"start_date": "2024-11-10T00:00:00+00:00", "end_date": "2025-02-03T00:00:00+00:00"} --select fct_reviews`.
[32m2025-03-30 19:26:14 -0500[0m - dagster - [34mDEBUG[0m - __ASSET_JOB_0 - 2ba9ca1f-a4ef-4918-80b4-ce2f30d474b8 - 353456 - dbtlearn_partitioned_dbt_assets - STEP_OUTPUT - Yielded output "fct_reviews" of type "Nothing". (Type check passed).
[32m2025-03-30 19:26:15 -0500[0m - dagster - [34mDEBUG[0m - __ASSET_JOB_0 - 2ba9ca1f-a4ef-4918-80b4-ce2f30d474b8 - 353456 - dbtlearn_partitioned_dbt_assets - ASSET_MATERIALIZATION - Materialized value fct_reviews.
[32m2025-03-30 19:26:15 -0500[0m - dagster - [34mDEBUG[0m - __ASSET_JOB_0 - 2ba9ca1f-a4ef-4918-80b4-ce2f30d474b8 - 353456 - dbtlearn_partitioned_dbt_assets - ASSET_MATERIALIZATION - Materialized value fct_reviews.
[32m2025-03-30 19:26:15 -0500[0m - dagster - [34mDEBUG[0m - __ASSET_JOB_0 - 2ba9ca1f-a4ef-4918-80b4-ce2f30d474b8 - 353456 - dbtlearn_partitioned_dbt_assets - ASSET_MATERIALIZATION - Materialized value fct_reviews.
[32m2025-03-30 19:26:16 -0500[0m - dagster - [34mDEBUG[0m - __ASSET_JOB_0 - 2ba9ca1f-a4ef-4918-80b4-ce2f30d474b8 - 353456 - dbtlearn_partitioned_dbt_assets - ASSET_MATERIALIZATION - Materialized value fct_reviews.
[32m2025-03-30 19:26:16 -0500[0m - dagster - [34mDEBUG[0m - __ASSET_JOB_0 - 2ba9ca1f-a4ef-4918-80b4-ce2f30d474b8 - 353456 - dbtlearn_partitioned_dbt_assets - ASSET_MATERIALIZATION - Materialized value fct_reviews.
[32m2025-03-30 19:26:16 -0500[0m - dagster - [34mDEBUG[0m - __ASSET_JOB_0 - 2ba9ca1f-a4ef-4918-80b4-ce2f30d474b8 - 353456 - dbtlearn_partitioned_dbt_assets - ASSET_MATERIALIZATION - Materialized value fct_reviews.
[32m2025-03-30 19:26:17 -0500[0m - dagster - [34mDEBUG[0m - __ASSET_JOB_0 - 2ba9ca1f-a4ef-4918-80b4-ce2f30d474b8 - 353456 - dbtlearn_partitioned_dbt_assets - ASSET_MATERIALIZATION - Materialized value fct_reviews.
[32m2025-03-30 19:26:17 -0500[0m - dagster - [34mDEBUG[0m - __ASSET_JOB_0 - 2ba9ca1f-a4ef-4918-80b4-ce2f30d474b8 - 353456 - dbtlearn_partitioned_dbt_assets - ASSET_MATERIALIZATION - Materialized value fct_reviews.
[32m2025-03-30 19:26:17 -0500[0m - dagster - [34mDEBUG[0m - __ASSET_JOB_0 - 2ba9ca1f-a4ef-4918-80b4-ce2f30d474b8 - 353456 - dbtlearn_partitioned_dbt_assets - ASSET_MATERIALIZATION - Materialized value fct_reviews.
[32m2025-03-30 19:26:18 -0500[0m - dagster - [34mDEBUG[0m - __ASSET_JOB_0 - 2ba9ca1f-a4ef-4918-80b4-ce2f30d474b8 - 353456 - dbtlearn_partitioned_dbt_assets - ASSET_MATERIALIZATION - Materialized value fct_reviews.
[32m2025-03-30 19:26:18 -0500[0m - dagster - [34mDEBUG[0m - __ASSET_JOB_0 - 2ba9ca1f-a4ef-4918-80b4-ce2f30d474b8 - 353456 - dbtlearn_partitioned_dbt_assets - ASSET_MATERIALIZATION - Materialized value fct_reviews.
[32m2025-03-30 19:26:18 -0500[0m - dagster - [34mDEBUG[0m - __ASSET_JOB_0 - 2ba9ca1f-a4ef-4918-80b4-ce2f30d474b8 - 353456 - dbtlearn_partitioned_dbt_assets - ASSET_MATERIALIZATION - Materialized value fct_reviews.
[32m2025-03-30 19:26:19 -0500[0m - dagster - [34mDEBUG[0m - __ASSET_JOB_0 - 2ba9ca1f-a4ef-4918-80b4-ce2f30d474b8 - 353456 - dbtlearn_partitioned_dbt_assets - ASSET_MATERIALIZATION - Materialized value fct_reviews.
[32m2025-03-30 19:26:19 -0500[0m - dagster - [34mDEBUG[0m - __ASSET_JOB_0 - 2ba9ca1f-a4ef-4918-80b4-ce2f30d474b8 - 353456 - dbtlearn_partitioned_dbt_assets - ASSET_MATERIALIZATION - Materialized value fct_reviews.
[32m2025-03-30 19:26:19 -0500[0m - dagster - [34mDEBUG[0m - __ASSET_JOB_0 - 2ba9ca1f-a4ef-4918-80b4-ce2f30d474b8 - 353456 - dbtlearn_partitioned_dbt_assets - ASSET_MATERIALIZATION - Materialized value fct_reviews.
[32m2025-03-30 19:26:19 -0500[0m - dagster - [34mDEBUG[0m - __ASSET_JOB_0 - 2ba9ca1f-a4ef-4918-80b4-ce2f30d474b8 - 353456 - dbtlearn_partitioned_dbt_assets - ASSET_MATERIALIZATION - Materialized value fct_reviews.
[32m2025-03-30 19:26:20 -0500[0m - dagster - [34mDEBUG[0m - __ASSET_JOB_0 - 2ba9ca1f-a4ef-4918-80b4-ce2f30d474b8 - 353456 - dbtlearn_partitioned_dbt_assets - ASSET_MATERIALIZATION - Materialized value fct_reviews.
[32m2025-03-30 19:26:20 -0500[0m - dagster - [34mDEBUG[0m - __ASSET_JOB_0 - 2ba9ca1f-a4ef-4918-80b4-ce2f30d474b8 - 353456 - dbtlearn_partitioned_dbt_assets - ASSET_MATERIALIZATION - Materialized value fct_reviews.
[32m2025-03-30 19:26:20 -0500[0m - dagster - [34mDEBUG[0m - __ASSET_JOB_0 - 2ba9ca1f-a4ef-4918-80b4-ce2f30d474b8 - 353456 - dbtlearn_partitioned_dbt_assets - ASSET_MATERIALIZATION - Materialized value fct_reviews.
[32m2025-03-30 19:26:20 -0500[0m - dagster - [34mDEBUG[0m - __ASSET_JOB_0 - 2ba9ca1f-a4ef-4918-80b4-ce2f30d474b8 - 353456 - dbtlearn_partitioned_dbt_assets - ASSET_MATERIALIZATION - Materialized value fct_reviews.
[32m2025-03-30 19:26:21 -0500[0m - dagster - [34mDEBUG[0m - __ASSET_JOB_0 - 2ba9ca1f-a4ef-4918-80b4-ce2f30d474b8 - 353456 - dbtlearn_partitioned_dbt_assets - ASSET_MATERIALIZATION - Materialized value fct_reviews.
[32m2025-03-30 19:26:21 -0500[0m - dagster - [34mDEBUG[0m - __ASSET_JOB_0 - 2ba9ca1f-a4ef-4918-80b4-ce2f30d474b8 - 353456 - dbtlearn_partitioned_dbt_assets - ASSET_MATERIALIZATION - Materialized value fct_reviews.
[32m2025-03-30 19:26:21 -0500[0m - dagster - [34mDEBUG[0m - __ASSET_JOB_0 - 2ba9ca1f-a4ef-4918-80b4-ce2f30d474b8 - 353456 - dbtlearn_partitioned_dbt_assets - ASSET_MATERIALIZATION - Materialized value fct_reviews.
[32m2025-03-30 19:26:22 -0500[0m - dagster - [34mDEBUG[0m - __ASSET_JOB_0 - 2ba9ca1f-a4ef-4918-80b4-ce2f30d474b8 - 353456 - dbtlearn_partitioned_dbt_assets - ASSET_MATERIALIZATION - Materialized value fct_reviews.
[32m2025-03-30 19:26:22 -0500[0m - dagster - [34mDEBUG[0m - __ASSET_JOB_0 - 2ba9ca1f-a4ef-4918-80b4-ce2f30d474b8 - 353456 - dbtlearn_partitioned_dbt_assets - ASSET_MATERIALIZATION - Materialized value fct_reviews.
[32m2025-03-30 19:26:22 -0500[0m - dagster - [34mDEBUG[0m - __ASSET_JOB_0 - 2ba9ca1f-a4ef-4918-80b4-ce2f30d474b8 - 353456 - dbtlearn_partitioned_dbt_assets - ASSET_MATERIALIZATION - Materialized value fct_reviews.
[32m2025-03-30 19:26:22 -0500[0m - dagster - [34mDEBUG[0m - __ASSET_JOB_0 - 2ba9ca1f-a4ef-4918-80b4-ce2f30d474b8 - 353456 - dbtlearn_partitioned_dbt_assets - ASSET_MATERIALIZATION - Materialized value fct_reviews.
[32m2025-03-30 19:26:23 -0500[0m - dagster - [34mDEBUG[0m - __ASSET_JOB_0 - 2ba9ca1f-a4ef-4918-80b4-ce2f30d474b8 - 353456 - dbtlearn_partitioned_dbt_assets - ASSET_MATERIALIZATION - Materialized value fct_reviews.
[32m2025-03-30 19:26:23 -0500[0m - dagster - [34mDEBUG[0m - __ASSET_JOB_0 - 2ba9ca1f-a4ef-4918-80b4-ce2f30d474b8 - 353456 - dbtlearn_partitioned_dbt_assets - ASSET_MATERIALIZATION - Materialized value fct_reviews.
[32m2025-03-30 19:26:23 -0500[0m - dagster - [34mDEBUG[0m - __ASSET_JOB_0 - 2ba9ca1f-a4ef-4918-80b4-ce2f30d474b8 - 353456 - dbtlearn_partitioned_dbt_assets - ASSET_MATERIALIZATION - Materialized value fct_reviews.
[32m2025-03-30 19:26:23 -0500[0m - dagster - [34mDEBUG[0m - __ASSET_JOB_0 - 2ba9ca1f-a4ef-4918-80b4-ce2f30d474b8 - 353456 - dbtlearn_partitioned_dbt_assets - ASSET_MATERIALIZATION - Materialized value fct_reviews.
[32m2025-03-30 19:26:24 -0500[0m - dagster - [34mDEBUG[0m - __ASSET_JOB_0 - 2ba9ca1f-a4ef-4918-80b4-ce2f30d474b8 - 353456 - dbtlearn_partitioned_dbt_assets - ASSET_MATERIALIZATION - Materialized value fct_reviews.
[32m2025-03-30 19:26:24 -0500[0m - dagster - [34mDEBUG[0m - __ASSET_JOB_0 - 2ba9ca1f-a4ef-4918-80b4-ce2f30d474b8 - 353456 - dbtlearn_partitioned_dbt_assets - ASSET_MATERIALIZATION - Materialized value fct_reviews.
[32m2025-03-30 19:26:24 -0500[0m - dagster - [34mDEBUG[0m - __ASSET_JOB_0 - 2ba9ca1f-a4ef-4918-80b4-ce2f30d474b8 - 353456 - dbtlearn_partitioned_dbt_assets - ASSET_MATERIALIZATION - Materialized value fct_reviews.
[32m2025-03-30 19:26:24 -0500[0m - dagster - [34mDEBUG[0m - __ASSET_JOB_0 - 2ba9ca1f-a4ef-4918-80b4-ce2f30d474b8 - 353456 - dbtlearn_partitioned_dbt_assets - ASSET_MATERIALIZATION - Materialized value fct_reviews.
[32m2025-03-30 19:26:25 -0500[0m - dagster - [34mDEBUG[0m - __ASSET_JOB_0 - 2ba9ca1f-a4ef-4918-80b4-ce2f30d474b8 - 353456 - dbtlearn_partitioned_dbt_assets - ASSET_MATERIALIZATION - Materialized value fct_reviews.
[32m2025-03-30 19:26:25 -0500[0m - dagster - [34mDEBUG[0m - __ASSET_JOB_0 - 2ba9ca1f-a4ef-4918-80b4-ce2f30d474b8 - 353456 - dbtlearn_partitioned_dbt_assets - ASSET_MATERIALIZATION - Materialized value fct_reviews.
[32m2025-03-30 19:26:25 -0500[0m - dagster - [34mDEBUG[0m - __ASSET_JOB_0 - 2ba9ca1f-a4ef-4918-80b4-ce2f30d474b8 - 353456 - dbtlearn_partitioned_dbt_assets - ASSET_MATERIALIZATION - Materialized value fct_reviews.
[32m2025-03-30 19:26:25 -0500[0m - dagster - [34mDEBUG[0m - __ASSET_JOB_0 - 2ba9ca1f-a4ef-4918-80b4-ce2f30d474b8 - 353456 - dbtlearn_partitioned_dbt_assets - ASSET_MATERIALIZATION - Materialized value fct_reviews.
[32m2025-03-30 19:26:26 -0500[0m - dagster - [34mDEBUG[0m - __ASSET_JOB_0 - 2ba9ca1f-a4ef-4918-80b4-ce2f30d474b8 - 353456 - dbtlearn_partitioned_dbt_assets - ASSET_MATERIALIZATION - Materialized value fct_reviews.
[32m2025-03-30 19:26:26 -0500[0m - dagster - [34mDEBUG[0m - __ASSET_JOB_0 - 2ba9ca1f-a4ef-4918-80b4-ce2f30d474b8 - 353456 - dbtlearn_partitioned_dbt_assets - ASSET_MATERIALIZATION - Materialized value fct_reviews.
[32m2025-03-30 19:26:26 -0500[0m - dagster - [34mDEBUG[0m - __ASSET_JOB_0 - 2ba9ca1f-a4ef-4918-80b4-ce2f30d474b8 - 353456 - dbtlearn_partitioned_dbt_assets - ASSET_MATERIALIZATION - Materialized value fct_reviews.
[32m2025-03-30 19:26:26 -0500[0m - dagster - [34mDEBUG[0m - __ASSET_JOB_0 - 2ba9ca1f-a4ef-4918-80b4-ce2f30d474b8 - 353456 - dbtlearn_partitioned_dbt_assets - ASSET_MATERIALIZATION - Materialized value fct_reviews.
[32m2025-03-30 19:26:27 -0500[0m - dagster - [34mDEBUG[0m - __ASSET_JOB_0 - 2ba9ca1f-a4ef-4918-80b4-ce2f30d474b8 - 353456 - dbtlearn_partitioned_dbt_assets - ASSET_MATERIALIZATION - Materialized value fct_reviews.
[32m2025-03-30 19:26:27 -0500[0m - dagster - [34mDEBUG[0m - __ASSET_JOB_0 - 2ba9ca1f-a4ef-4918-80b4-ce2f30d474b8 - 353456 - dbtlearn_partitioned_dbt_assets - ASSET_MATERIALIZATION - Materialized value fct_reviews.
[32m2025-03-30 19:26:27 -0500[0m - dagster - [34mDEBUG[0m - __ASSET_JOB_0 - 2ba9ca1f-a4ef-4918-80b4-ce2f30d474b8 - 353456 - dbtlearn_partitioned_dbt_assets - ASSET_MATERIALIZATION - Materialized value fct_reviews.
[32m2025-03-30 19:26:27 -0500[0m - dagster - [34mDEBUG[0m - __ASSET_JOB_0 - 2ba9ca1f-a4ef-4918-80b4-ce2f30d474b8 - 353456 - dbtlearn_partitioned_dbt_assets - ASSET_MATERIALIZATION - Materialized value fct_reviews.
[32m2025-03-30 19:26:28 -0500[0m - dagster - [34mDEBUG[0m - __ASSET_JOB_0 - 2ba9ca1f-a4ef-4918-80b4-ce2f30d474b8 - 353456 - dbtlearn_partitioned_dbt_assets - ASSET_MATERIALIZATION - Materialized value fct_reviews.
[32m2025-03-30 19:26:28 -0500[0m - dagster - [34mDEBUG[0m - __ASSET_JOB_0 - 2ba9ca1f-a4ef-4918-80b4-ce2f30d474b8 - 353456 - dbtlearn_partitioned_dbt_assets - ASSET_MATERIALIZATION - Materialized value fct_reviews.
[32m2025-03-30 19:26:28 -0500[0m - dagster - [34mDEBUG[0m - __ASSET_JOB_0 - 2ba9ca1f-a4ef-4918-80b4-ce2f30d474b8 - 353456 - dbtlearn_partitioned_dbt_assets - ASSET_MATERIALIZATION - Materialized value fct_reviews.
[32m2025-03-30 19:26:28 -0500[0m - dagster - [34mDEBUG[0m - __ASSET_JOB_0 - 2ba9ca1f-a4ef-4918-80b4-ce2f30d474b8 - 353456 - dbtlearn_partitioned_dbt_assets - ASSET_MATERIALIZATION - Materialized value fct_reviews.
[32m2025-03-30 19:26:29 -0500[0m - dagster - [34mDEBUG[0m - __ASSET_JOB_0 - 2ba9ca1f-a4ef-4918-80b4-ce2f30d474b8 - 353456 - dbtlearn_partitioned_dbt_assets - ASSET_MATERIALIZATION - Materialized value fct_reviews.
[32m2025-03-30 19:26:29 -0500[0m - dagster - [34mDEBUG[0m - __ASSET_JOB_0 - 2ba9ca1f-a4ef-4918-80b4-ce2f30d474b8 - 353456 - dbtlearn_partitioned_dbt_assets - ASSET_MATERIALIZATION - Materialized value fct_reviews.
[32m2025-03-30 19:26:29 -0500[0m - dagster - [34mDEBUG[0m - __ASSET_JOB_0 - 2ba9ca1f-a4ef-4918-80b4-ce2f30d474b8 - 353456 - dbtlearn_partitioned_dbt_assets - ASSET_MATERIALIZATION - Materialized value fct_reviews.
[32m2025-03-30 19:26:30 -0500[0m - dagster - [34mDEBUG[0m - __ASSET_JOB_0 - 2ba9ca1f-a4ef-4918-80b4-ce2f30d474b8 - 353456 - dbtlearn_partitioned_dbt_assets - ASSET_MATERIALIZATION - Materialized value fct_reviews.
[32m2025-03-30 19:26:30 -0500[0m - dagster - [34mDEBUG[0m - __ASSET_JOB_0 - 2ba9ca1f-a4ef-4918-80b4-ce2f30d474b8 - 353456 - dbtlearn_partitioned_dbt_assets - ASSET_MATERIALIZATION - Materialized value fct_reviews.
[32m2025-03-30 19:26:30 -0500[0m - dagster - [34mDEBUG[0m - __ASSET_JOB_0 - 2ba9ca1f-a4ef-4918-80b4-ce2f30d474b8 - 353456 - dbtlearn_partitioned_dbt_assets - ASSET_MATERIALIZATION - Materialized value fct_reviews.
[32m2025-03-30 19:26:31 -0500[0m - dagster - [34mDEBUG[0m - __ASSET_JOB_0 - 2ba9ca1f-a4ef-4918-80b4-ce2f30d474b8 - 353456 - dbtlearn_partitioned_dbt_assets - ASSET_MATERIALIZATION - Materialized value fct_reviews.
[32m2025-03-30 19:26:31 -0500[0m - dagster - [34mDEBUG[0m - __ASSET_JOB_0 - 2ba9ca1f-a4ef-4918-80b4-ce2f30d474b8 - 353456 - dbtlearn_partitioned_dbt_assets - ASSET_MATERIALIZATION - Materialized value fct_reviews.
[32m2025-03-30 19:26:31 -0500[0m - dagster - [34mDEBUG[0m - __ASSET_JOB_0 - 2ba9ca1f-a4ef-4918-80b4-ce2f30d474b8 - 353456 - dbtlearn_partitioned_dbt_assets - ASSET_MATERIALIZATION - Materialized value fct_reviews.
[32m2025-03-30 19:26:32 -0500[0m - dagster - [34mDEBUG[0m - __ASSET_JOB_0 - 2ba9ca1f-a4ef-4918-80b4-ce2f30d474b8 - 353456 - dbtlearn_partitioned_dbt_assets - ASSET_MATERIALIZATION - Materialized value fct_reviews.
[32m2025-03-30 19:26:32 -0500[0m - dagster - [34mDEBUG[0m - __ASSET_JOB_0 - 2ba9ca1f-a4ef-4918-80b4-ce2f30d474b8 - 353456 - dbtlearn_partitioned_dbt_assets - ASSET_MATERIALIZATION - Materialized value fct_reviews.
[32m2025-03-30 19:26:33 -0500[0m - dagster - [34mDEBUG[0m - __ASSET_JOB_0 - 2ba9ca1f-a4ef-4918-80b4-ce2f30d474b8 - 353456 - dbtlearn_partitioned_dbt_assets - ASSET_MATERIALIZATION - Materialized value fct_reviews.
[32m2025-03-30 19:26:33 -0500[0m - dagster - [34mDEBUG[0m - __ASSET_JOB_0 - 2ba9ca1f-a4ef-4918-80b4-ce2f30d474b8 - 353456 - dbtlearn_partitioned_dbt_assets - ASSET_MATERIALIZATION - Materialized value fct_reviews.
[32m2025-03-30 19:26:33 -0500[0m - dagster - [34mDEBUG[0m - __ASSET_JOB_0 - 2ba9ca1f-a4ef-4918-80b4-ce2f30d474b8 - 353456 - dbtlearn_partitioned_dbt_assets - ASSET_MATERIALIZATION - Materialized value fct_reviews.
[32m2025-03-30 19:26:34 -0500[0m - dagster - [34mDEBUG[0m - __ASSET_JOB_0 - 2ba9ca1f-a4ef-4918-80b4-ce2f30d474b8 - 353456 - dbtlearn_partitioned_dbt_assets - ASSET_MATERIALIZATION - Materialized value fct_reviews.
[32m2025-03-30 19:26:34 -0500[0m - dagster - [34mDEBUG[0m - __ASSET_JOB_0 - 2ba9ca1f-a4ef-4918-80b4-ce2f30d474b8 - 353456 - dbtlearn_partitioned_dbt_assets - ASSET_MATERIALIZATION - Materialized value fct_reviews.
[32m2025-03-30 19:26:34 -0500[0m - dagster - [34mDEBUG[0m - __ASSET_JOB_0 - 2ba9ca1f-a4ef-4918-80b4-ce2f30d474b8 - 353456 - dbtlearn_partitioned_dbt_assets - ASSET_MATERIALIZATION - Materialized value fct_reviews.
[32m2025-03-30 19:26:35 -0500[0m - dagster - [34mDEBUG[0m - __ASSET_JOB_0 - 2ba9ca1f-a4ef-4918-80b4-ce2f30d474b8 - 353456 - dbtlearn_partitioned_dbt_assets - ASSET_MATERIALIZATION - Materialized value fct_reviews.
[32m2025-03-30 19:26:36 -0500[0m - dagster - [34mDEBUG[0m - __ASSET_JOB_0 - 2ba9ca1f-a4ef-4918-80b4-ce2f30d474b8 - 353456 - dbtlearn_partitioned_dbt_assets - ASSET_MATERIALIZATION - Materialized value fct_reviews.
[32m2025-03-30 19:26:36 -0500[0m - dagster - [34mDEBUG[0m - __ASSET_JOB_0 - 2ba9ca1f-a4ef-4918-80b4-ce2f30d474b8 - 353456 - dbtlearn_partitioned_dbt_assets - ASSET_MATERIALIZATION - Materialized value fct_reviews.
[32m2025-03-30 19:26:37 -0500[0m - dagster - [34mDEBUG[0m - __ASSET_JOB_0 - 2ba9ca1f-a4ef-4918-80b4-ce2f30d474b8 - 353456 - dbtlearn_partitioned_dbt_assets - ASSET_MATERIALIZATION - Materialized value fct_reviews.
[32m2025-03-30 19:26:37 -0500[0m - dagster - [34mDEBUG[0m - __ASSET_JOB_0 - 2ba9ca1f-a4ef-4918-80b4-ce2f30d474b8 - 353456 - dbtlearn_partitioned_dbt_assets - ASSET_MATERIALIZATION - Materialized value fct_reviews.
[32m2025-03-30 19:26:37 -0500[0m - dagster - [34mDEBUG[0m - __ASSET_JOB_0 - 2ba9ca1f-a4ef-4918-80b4-ce2f30d474b8 - 353456 - dbtlearn_partitioned_dbt_assets - ASSET_MATERIALIZATION - Materialized value fct_reviews.
[32m2025-03-30 19:26:38 -0500[0m - dagster - [34mDEBUG[0m - __ASSET_JOB_0 - 2ba9ca1f-a4ef-4918-80b4-ce2f30d474b8 - 353456 - dbtlearn_partitioned_dbt_assets - ASSET_MATERIALIZATION - Materialized value fct_reviews.
[32m2025-03-30 19:26:38 -0500[0m - dagster - [34mDEBUG[0m - __ASSET_JOB_0 - 2ba9ca1f-a4ef-4918-80b4-ce2f30d474b8 - 353456 - dbtlearn_partitioned_dbt_assets - ASSET_MATERIALIZATION - Materialized value fct_reviews.
[32m2025-03-30 19:26:38 -0500[0m - dagster - [34mDEBUG[0m - __ASSET_JOB_0 - 2ba9ca1f-a4ef-4918-80b4-ce2f30d474b8 - 353456 - dbtlearn_partitioned_dbt_assets - ASSET_MATERIALIZATION - Materialized value fct_reviews.
[32m2025-03-30 19:26:39 -0500[0m - dagster - [34mDEBUG[0m - __ASSET_JOB_0 - 2ba9ca1f-a4ef-4918-80b4-ce2f30d474b8 - 353456 - dbtlearn_partitioned_dbt_assets - ASSET_MATERIALIZATION - Materialized value fct_reviews.
[32m2025-03-30 19:26:39 -0500[0m - dagster - [34mDEBUG[0m - __ASSET_JOB_0 - 2ba9ca1f-a4ef-4918-80b4-ce2f30d474b8 - 353456 - dbtlearn_partitioned_dbt_assets - ASSET_MATERIALIZATION - Materialized value fct_reviews.
[32m2025-03-30 19:26:39 -0500[0m - dagster - [34mDEBUG[0m - __ASSET_JOB_0 - 2ba9ca1f-a4ef-4918-80b4-ce2f30d474b8 - 353456 - dbtlearn_partitioned_dbt_assets - ASSET_MATERIALIZATION - Materialized value fct_reviews.
[32m2025-03-30 19:26:40 -0500[0m - dagster - [34mDEBUG[0m - __ASSET_JOB_0 - 2ba9ca1f-a4ef-4918-80b4-ce2f30d474b8 - 353456 - dbtlearn_partitioned_dbt_assets - ASSET_MATERIALIZATION - Materialized value fct_reviews.
[32m2025-03-30 19:26:40 -0500[0m - dagster - [34mDEBUG[0m - __ASSET_JOB_0 - 2ba9ca1f-a4ef-4918-80b4-ce2f30d474b8 - 353456 - dbtlearn_partitioned_dbt_assets - ASSET_MATERIALIZATION - Materialized value fct_reviews.
[32m2025-03-30 19:26:40 -0500[0m - dagster - [34mDEBUG[0m - __ASSET_JOB_0 - 2ba9ca1f-a4ef-4918-80b4-ce2f30d474b8 - 353456 - dbtlearn_partitioned_dbt_assets - ASSET_MATERIALIZATION - Materialized value fct_reviews.
[32m2025-03-30 19:26:41 -0500[0m - dagster - [34mDEBUG[0m - __ASSET_JOB_0 - 2ba9ca1f-a4ef-4918-80b4-ce2f30d474b8 - 353456 - dbtlearn_partitioned_dbt_assets - ASSET_MATERIALIZATION - Materialized value fct_reviews.
[32m2025-03-30 19:26:41 -0500[0m - dagster - [34mDEBUG[0m - __ASSET_JOB_0 - 2ba9ca1f-a4ef-4918-80b4-ce2f30d474b8 - 353456 - dbtlearn_partitioned_dbt_assets - ASSET_MATERIALIZATION - Materialized value fct_reviews.
[32m2025-03-30 19:26:41 -0500[0m - dagster - [34mDEBUG[0m - __ASSET_JOB_0 - 2ba9ca1f-a4ef-4918-80b4-ce2f30d474b8 - 353456 - dbtlearn_partitioned_dbt_assets - ASSET_OBSERVATION - ASSET_OBSERVATION for step dbtlearn_partitioned_dbt_assets
[32m2025-03-30 19:26:41 -0500[0m - dagster - [34mDEBUG[0m - __ASSET_JOB_0 - 2ba9ca1f-a4ef-4918-80b4-ce2f30d474b8 - 353456 - dbtlearn_partitioned_dbt_assets - ASSET_OBSERVATION - ASSET_OBSERVATION for step dbtlearn_partitioned_dbt_assets
[32m2025-03-30 19:26:41 -0500[0m - dagster - [34mDEBUG[0m - __ASSET_JOB_0 - 2ba9ca1f-a4ef-4918-80b4-ce2f30d474b8 - 353456 - dbtlearn_partitioned_dbt_assets - ASSET_OBSERVATION - ASSET_OBSERVATION for step dbtlearn_partitioned_dbt_assets
[32m2025-03-30 19:26:42 -0500[0m - dagster - [34mDEBUG[0m - __ASSET_JOB_0 - 2ba9ca1f-a4ef-4918-80b4-ce2f30d474b8 - 353456 - dbtlearn_partitioned_dbt_assets - ASSET_OBSERVATION - ASSET_OBSERVATION for step dbtlearn_partitioned_dbt_assets
[32m2025-03-30 19:26:42 -0500[0m - dagster - [34mDEBUG[0m - __ASSET_JOB_0 - 2ba9ca1f-a4ef-4918-80b4-ce2f30d474b8 - 353456 - dbtlearn_partitioned_dbt_assets - ASSET_OBSERVATION - ASSET_OBSERVATION for step dbtlearn_partitioned_dbt_assets
[32m2025-03-30 19:26:42 -0500[0m - dagster - [34mDEBUG[0m - __ASSET_JOB_0 - 2ba9ca1f-a4ef-4918-80b4-ce2f30d474b8 - 353456 - dbtlearn_partitioned_dbt_assets - ASSET_OBSERVATION - ASSET_OBSERVATION for step dbtlearn_partitioned_dbt_assets
[32m2025-03-30 19:26:42 -0500[0m - dagster - [34mDEBUG[0m - __ASSET_JOB_0 - 2ba9ca1f-a4ef-4918-80b4-ce2f30d474b8 - 353456 - dbtlearn_partitioned_dbt_assets - STEP_SUCCESS - Finished execution of step "dbtlearn_partitioned_dbt_assets" in 1m13s.
