Running with dbt=1.7.19
Registered adapter: snowflake=1.7.1
Found 8 models, 1 snapshot, 1 analysis, 22 tests, 1 seed, 3 sources, 1 exposure, 0 metrics, 817 macros, 0 groups, 0 semantic models

Concurrency: 1 threads (target='dev')

1 of 24 START seed file DEV.seed_full_moon_dates ............................... [RUN]
1 of 24 OK loaded seed file DEV.seed_full_moon_dates ........................... [[32mINSERT 272[0m in 2.06s]
2 of 24 START test dbt_expectations_source_expect_column_distinct_count_to_equal_airbnb_listings_room_type__4  [RUN]
2 of 24 PASS dbt_expectations_source_expect_column_distinct_count_to_equal_airbnb_listings_room_type__4  [[32mPASS[0m in 0.61s]
3 of 24 START test dbt_expectations_source_expect_column_values_to_match_regex_airbnb_listings_price___0_9_0_9_  [RUN]
3 of 24 PASS dbt_expectations_source_expect_column_values_to_match_regex_airbnb_listings_price___0_9_0_9_  [[32mPASS[0m in 0.54s]
4 of 24 START sql view model DEV.dim_hosts_cleansed ............................ [RUN]
4 of 24 OK created sql view model DEV.dim_hosts_cleansed ....................... [[32mSUCCESS 1[0m in 0.88s]
5 of 24 START sql table model DEV.mart_fullmoon_reviews ........................ [RUN]
5 of 24 OK created sql table model DEV.mart_fullmoon_reviews ................... [[32mSUCCESS 1[0m in 3.88s]
6 of 24 START snapshot DEV.scd_raw_listings .................................... [RUN]
6 of 24 OK snapshotted DEV.scd_raw_listings .................................... [[32mSUCCESS 0[0m in 3.41s]
7 of 24 START test accepted_values_dim_hosts_cleansed_is_superhost__t__f ....... [RUN]
7 of 24 PASS accepted_values_dim_hosts_cleansed_is_superhost__t__f ............. [[32mPASS[0m in 0.99s]
8 of 24 START test not_null_dim_hosts_cleansed_host_id ......................... [RUN]
8 of 24 PASS not_null_dim_hosts_cleansed_host_id ............................... [[32mPASS[0m in 0.50s]
9 of 24 START test not_null_dim_hosts_cleansed_host_name ....................... [RUN]
9 of 24 PASS not_null_dim_hosts_cleansed_host_name ............................. [[32mPASS[0m in 0.53s]
10 of 24 START test unique_dim_hosts_cleansed_host_id .......................... [RUN]
10 of 24 PASS unique_dim_hosts_cleansed_host_id ................................ [[32mPASS[0m in 0.62s]
11 of 24 START sql view model DEV.dim_listings_cleansed ........................ [RUN]
11 of 24 OK created sql view model DEV.dim_listings_cleansed ................... [[32mSUCCESS 1[0m in 0.98s]
12 of 24 START test accepted_values_dim_listings_cleansed_room_type__Entire_home_apt__Private_room__Shared_room__Hotel_room  [RUN]
12 of 24 PASS accepted_values_dim_listings_cleansed_room_type__Entire_home_apt__Private_room__Shared_room__Hotel_room  [[32mPASS[0m in 0.65s]
13 of 24 START test dim_listings_minimum_nights ................................ [RUN]
13 of 24 PASS dim_listings_minimum_nights ...................................... [[32mPASS[0m in 0.86s]
14 of 24 START test no_nulls_in_dim_listings ................................... [RUN]
14 of 24 PASS no_nulls_in_dim_listings ......................................... [[32mPASS[0m in 0.77s]
15 of 24 START test not_null_dim_listings_cleansed_host_id ..................... [RUN]
15 of 24 PASS not_null_dim_listings_cleansed_host_id ........................... [[32mPASS[0m in 0.57s]
16 of 24 START test not_null_dim_listings_cleansed_listing_id .................. [RUN]
16 of 24 PASS not_null_dim_listings_cleansed_listing_id ........................ [[32mPASS[0m in 0.53s]
17 of 24 START test positive_value_dim_listings_cleansed_minimum_nights ........ [RUN]
17 of 24 PASS positive_value_dim_listings_cleansed_minimum_nights .............. [[32mPASS[0m in 0.66s]
18 of 24 START test relationships_dim_listings_cleansed_host_id__host_id__ref_dim_hosts_cleansed_  [RUN]
18 of 24 PASS relationships_dim_listings_cleansed_host_id__host_id__ref_dim_hosts_cleansed_  [[32mPASS[0m in 0.78s]
19 of 24 START test unique_dim_listings_cleansed_listing_id .................... [RUN]
19 of 24 PASS unique_dim_listings_cleansed_listing_id .......................... [[32mPASS[0m in 0.58s]
20 of 24 START sql table model DEV.dim_listings_w_hosts ........................ [RUN]
20 of 24 OK created sql table model DEV.dim_listings_w_hosts ................... [[32mSUCCESS 1[0m in 1.44s]
21 of 24 START test dbt_expectations_expect_column_max_to_be_between_dim_listings_w_hosts_price__5000  [RUN]
21 of 24 WARN 1 dbt_expectations_expect_column_max_to_be_between_dim_listings_w_hosts_price__5000  [[33mWARN 1[0m in 0.56s]
22 of 24 START test dbt_expectations_expect_column_quantile_values_to_be_between_dim_listings_w_hosts_price__500__50__0_99  [RUN]
22 of 24 PASS dbt_expectations_expect_column_quantile_values_to_be_between_dim_listings_w_hosts_price__500__50__0_99  [[32mPASS[0m in 0.67s]
23 of 24 START test dbt_expectations_expect_column_values_to_be_of_type_dim_listings_w_hosts_price__number  [RUN]
23 of 24 PASS dbt_expectations_expect_column_values_to_be_of_type_dim_listings_w_hosts_price__number  [[32mPASS[0m in 0.67s]
24 of 24 START test dbt_expectations_expect_table_row_count_to_equal_other_table_dim_listings_w_hosts_source_airbnb_listings_  [RUN]
24 of 24 PASS dbt_expectations_expect_table_row_count_to_equal_other_table_dim_listings_w_hosts_source_airbnb_listings_  [[32mPASS[0m in 0.61s]

Finished running 1 seed, 18 tests, 2 view models, 2 table models, 1 snapshot in 0 hours 0 minutes and 26.24 seconds (26.24s).

[33mCompleted with 1 warning:[0m

[33mWarning in test dbt_expectations_expect_column_max_to_be_between_dim_listings_w_hosts_price__5000 (models/schema.yml)[0m
Got 1 result, configured to warn if != 0

  compiled Code at target/dbtlearn_dbt_assets-9f20521-4da86c2/compiled/dbtlearn/models/schema.yml/dbt_expectations_expect_column_c59e300e0dddb335c4211147100ac1c6.sql

Done. PASS=23 WARN=1 ERROR=0 SKIP=0 TOTAL=24
