[32m2025-03-30 18:26:39 -0500[0m - dagster - [34mDEBUG[0m - __ASSET_JOB_0 - 9f205210-2e81-48b8-ad83-d66876190da4 - 270089 - LOGS_CAPTURED - Started capturing logs in process (pid: 270089).
[32m2025-03-30 18:26:39 -0500[0m - dagster - [34mDEBUG[0m - __ASSET_JOB_0 - 9f205210-2e81-48b8-ad83-d66876190da4 - 270089 - dbtlearn_dbt_assets - STEP_START - Started execution of step "dbtlearn_dbt_assets".
[32m2025-03-30 18:26:46 -0500[0m - dagster - [34mINFO[0m - __ASSET_JOB_0 - 9f205210-2e81-48b8-ad83-d66876190da4 - dbtlearn_dbt_assets - A dbt subsetted execution is not being performed. Using the default dbt selection arguments `['--select', 'fqn:*', '--exclude', 'fct_reviews']`.
[32m2025-03-30 18:26:46 -0500[0m - dagster - [34mINFO[0m - __ASSET_JOB_0 - 9f205210-2e81-48b8-ad83-d66876190da4 - dbtlearn_dbt_assets - Copying `/mnt/c/Users/hrish/Desktop/temp/DBT - Udemy/dbtlearn/target/partial_parse.msgpack` to `/mnt/c/Users/hrish/Desktop/temp/DBT - Udemy/dbtlearn/target/dbtlearn_dbt_assets-9f20521-4da86c2/partial_parse.msgpack` to take advantage of partial parsing.
[32m2025-03-30 18:26:46 -0500[0m - dagster - [34mINFO[0m - __ASSET_JOB_0 - 9f205210-2e81-48b8-ad83-d66876190da4 - dbtlearn_dbt_assets - Running dbt command: `dbt build --select fqn:* --exclude fct_reviews`.
[32m2025-03-30 18:27:20 -0500[0m - dagster - [34mDEBUG[0m - __ASSET_JOB_0 - 9f205210-2e81-48b8-ad83-d66876190da4 - 270089 - dbtlearn_dbt_assets - STEP_OUTPUT - Yielded output "seed_full_moon_dates" of type "Nothing". (Type check passed).
[32m2025-03-30 18:27:21 -0500[0m - dagster - [34mDEBUG[0m - __ASSET_JOB_0 - 9f205210-2e81-48b8-ad83-d66876190da4 - 270089 - dbtlearn_dbt_assets - ASSET_MATERIALIZATION - Materialized value seed_full_moon_dates.
[32m2025-03-30 18:27:21 -0500[0m - dagster - [34mDEBUG[0m - __ASSET_JOB_0 - 9f205210-2e81-48b8-ad83-d66876190da4 - 270089 - dbtlearn_dbt_assets - ASSET_OBSERVATION - ASSET_OBSERVATION for step dbtlearn_dbt_assets
[32m2025-03-30 18:27:22 -0500[0m - dagster - [34mDEBUG[0m - __ASSET_JOB_0 - 9f205210-2e81-48b8-ad83-d66876190da4 - 270089 - dbtlearn_dbt_assets - ASSET_OBSERVATION - ASSET_OBSERVATION for step dbtlearn_dbt_assets
[32m2025-03-30 18:27:23 -0500[0m - dagster - [34mDEBUG[0m - __ASSET_JOB_0 - 9f205210-2e81-48b8-ad83-d66876190da4 - 270089 - dbtlearn_dbt_assets - STEP_OUTPUT - Yielded output "dim_hosts_cleansed" of type "Nothing". (Type check passed).
[32m2025-03-30 18:27:23 -0500[0m - dagster - [34mDEBUG[0m - __ASSET_JOB_0 - 9f205210-2e81-48b8-ad83-d66876190da4 - 270089 - dbtlearn_dbt_assets - ASSET_MATERIALIZATION - Materialized value dim_hosts_cleansed.
[32m2025-03-30 18:27:26 -0500[0m - dagster - [34mDEBUG[0m - __ASSET_JOB_0 - 9f205210-2e81-48b8-ad83-d66876190da4 - 270089 - dbtlearn_dbt_assets - STEP_OUTPUT - Yielded output "mart_fullmoon_reviews" of type "Nothing". (Type check passed).
[32m2025-03-30 18:27:27 -0500[0m - dagster - [34mDEBUG[0m - __ASSET_JOB_0 - 9f205210-2e81-48b8-ad83-d66876190da4 - 270089 - dbtlearn_dbt_assets - ASSET_MATERIALIZATION - Materialized value mart_fullmoon_reviews.
[32m2025-03-30 18:27:30 -0500[0m - dagster - [34mDEBUG[0m - __ASSET_JOB_0 - 9f205210-2e81-48b8-ad83-d66876190da4 - 270089 - dbtlearn_dbt_assets - STEP_OUTPUT - Yielded output "scd_raw_listings" of type "Nothing". (Type check passed).
[32m2025-03-30 18:27:30 -0500[0m - dagster - [34mDEBUG[0m - __ASSET_JOB_0 - 9f205210-2e81-48b8-ad83-d66876190da4 - 270089 - dbtlearn_dbt_assets - ASSET_MATERIALIZATION - Materialized value scd_raw_listings.
[32m2025-03-30 18:27:31 -0500[0m - dagster - [34mDEBUG[0m - __ASSET_JOB_0 - 9f205210-2e81-48b8-ad83-d66876190da4 - 270089 - dbtlearn_dbt_assets - ASSET_OBSERVATION - ASSET_OBSERVATION for step dbtlearn_dbt_assets
[32m2025-03-30 18:27:32 -0500[0m - dagster - [34mDEBUG[0m - __ASSET_JOB_0 - 9f205210-2e81-48b8-ad83-d66876190da4 - 270089 - dbtlearn_dbt_assets - ASSET_OBSERVATION - ASSET_OBSERVATION for step dbtlearn_dbt_assets
[32m2025-03-30 18:27:32 -0500[0m - dagster - [34mDEBUG[0m - __ASSET_JOB_0 - 9f205210-2e81-48b8-ad83-d66876190da4 - 270089 - dbtlearn_dbt_assets - ASSET_OBSERVATION - ASSET_OBSERVATION for step dbtlearn_dbt_assets
[32m2025-03-30 18:27:33 -0500[0m - dagster - [34mDEBUG[0m - __ASSET_JOB_0 - 9f205210-2e81-48b8-ad83-d66876190da4 - 270089 - dbtlearn_dbt_assets - ASSET_OBSERVATION - ASSET_OBSERVATION for step dbtlearn_dbt_assets
[32m2025-03-30 18:27:34 -0500[0m - dagster - [34mDEBUG[0m - __ASSET_JOB_0 - 9f205210-2e81-48b8-ad83-d66876190da4 - 270089 - dbtlearn_dbt_assets - STEP_OUTPUT - Yielded output "dim_listings_cleansed" of type "Nothing". (Type check passed).
[32m2025-03-30 18:27:34 -0500[0m - dagster - [34mDEBUG[0m - __ASSET_JOB_0 - 9f205210-2e81-48b8-ad83-d66876190da4 - 270089 - dbtlearn_dbt_assets - ASSET_MATERIALIZATION - Materialized value dim_listings_cleansed.
[32m2025-03-30 18:27:34 -0500[0m - dagster - [34mDEBUG[0m - __ASSET_JOB_0 - 9f205210-2e81-48b8-ad83-d66876190da4 - 270089 - dbtlearn_dbt_assets - ASSET_OBSERVATION - ASSET_OBSERVATION for step dbtlearn_dbt_assets
[32m2025-03-30 18:27:35 -0500[0m - dagster - [34mDEBUG[0m - __ASSET_JOB_0 - 9f205210-2e81-48b8-ad83-d66876190da4 - 270089 - dbtlearn_dbt_assets - ASSET_OBSERVATION - ASSET_OBSERVATION for step dbtlearn_dbt_assets
[32m2025-03-30 18:27:36 -0500[0m - dagster - [34mDEBUG[0m - __ASSET_JOB_0 - 9f205210-2e81-48b8-ad83-d66876190da4 - 270089 - dbtlearn_dbt_assets - ASSET_OBSERVATION - ASSET_OBSERVATION for step dbtlearn_dbt_assets
[32m2025-03-30 18:27:37 -0500[0m - dagster - [34mDEBUG[0m - __ASSET_JOB_0 - 9f205210-2e81-48b8-ad83-d66876190da4 - 270089 - dbtlearn_dbt_assets - ASSET_OBSERVATION - ASSET_OBSERVATION for step dbtlearn_dbt_assets
[32m2025-03-30 18:27:37 -0500[0m - dagster - [34mDEBUG[0m - __ASSET_JOB_0 - 9f205210-2e81-48b8-ad83-d66876190da4 - 270089 - dbtlearn_dbt_assets - ASSET_OBSERVATION - ASSET_OBSERVATION for step dbtlearn_dbt_assets
[32m2025-03-30 18:27:38 -0500[0m - dagster - [34mDEBUG[0m - __ASSET_JOB_0 - 9f205210-2e81-48b8-ad83-d66876190da4 - 270089 - dbtlearn_dbt_assets - ASSET_OBSERVATION - ASSET_OBSERVATION for step dbtlearn_dbt_assets
[32m2025-03-30 18:27:39 -0500[0m - dagster - [34mDEBUG[0m - __ASSET_JOB_0 - 9f205210-2e81-48b8-ad83-d66876190da4 - 270089 - dbtlearn_dbt_assets - ASSET_OBSERVATION - ASSET_OBSERVATION for step dbtlearn_dbt_assets
[32m2025-03-30 18:27:39 -0500[0m - dagster - [34mDEBUG[0m - __ASSET_JOB_0 - 9f205210-2e81-48b8-ad83-d66876190da4 - 270089 - dbtlearn_dbt_assets - ASSET_OBSERVATION - ASSET_OBSERVATION for step dbtlearn_dbt_assets
[32m2025-03-30 18:27:39 -0500[0m - dagster - [34mDEBUG[0m - __ASSET_JOB_0 - 9f205210-2e81-48b8-ad83-d66876190da4 - 270089 - dbtlearn_dbt_assets - ASSET_OBSERVATION - ASSET_OBSERVATION for step dbtlearn_dbt_assets
[32m2025-03-30 18:27:41 -0500[0m - dagster - [34mDEBUG[0m - __ASSET_JOB_0 - 9f205210-2e81-48b8-ad83-d66876190da4 - 270089 - dbtlearn_dbt_assets - STEP_OUTPUT - Yielded output "dim_listings_w_hosts" of type "Nothing". (Type check passed).
[32m2025-03-30 18:27:41 -0500[0m - dagster - [34mDEBUG[0m - __ASSET_JOB_0 - 9f205210-2e81-48b8-ad83-d66876190da4 - 270089 - dbtlearn_dbt_assets - ASSET_MATERIALIZATION - Materialized value dim_listings_w_hosts.
[32m2025-03-30 18:27:41 -0500[0m - dagster - [34mDEBUG[0m - __ASSET_JOB_0 - 9f205210-2e81-48b8-ad83-d66876190da4 - 270089 - dbtlearn_dbt_assets - ASSET_OBSERVATION - ASSET_OBSERVATION for step dbtlearn_dbt_assets
[32m2025-03-30 18:27:42 -0500[0m - dagster - [34mDEBUG[0m - __ASSET_JOB_0 - 9f205210-2e81-48b8-ad83-d66876190da4 - 270089 - dbtlearn_dbt_assets - ASSET_OBSERVATION - ASSET_OBSERVATION for step dbtlearn_dbt_assets
[32m2025-03-30 18:27:43 -0500[0m - dagster - [34mDEBUG[0m - __ASSET_JOB_0 - 9f205210-2e81-48b8-ad83-d66876190da4 - 270089 - dbtlearn_dbt_assets - ASSET_OBSERVATION - ASSET_OBSERVATION for step dbtlearn_dbt_assets
[32m2025-03-30 18:27:43 -0500[0m - dagster - [34mDEBUG[0m - __ASSET_JOB_0 - 9f205210-2e81-48b8-ad83-d66876190da4 - 270089 - dbtlearn_dbt_assets - ASSET_OBSERVATION - ASSET_OBSERVATION for step dbtlearn_dbt_assets
[32m2025-03-30 18:27:44 -0500[0m - dagster - [34mDEBUG[0m - __ASSET_JOB_0 - 9f205210-2e81-48b8-ad83-d66876190da4 - 270089 - dbtlearn_dbt_assets - ASSET_OBSERVATION - ASSET_OBSERVATION for step dbtlearn_dbt_assets
[32m2025-03-30 18:27:44 -0500[0m - dagster - [34mDEBUG[0m - __ASSET_JOB_0 - 9f205210-2e81-48b8-ad83-d66876190da4 - 270089 - dbtlearn_dbt_assets - STEP_SUCCESS - Finished execution of step "dbtlearn_dbt_assets" in 57.85s.
