[32m2025-03-30 18:49:53 -0500[0m - dagster - [34mDEBUG[0m - materialize_dbt_models - 5deb59d9-f16a-4406-8aa9-13f144030c29 - 308109 - LOGS_CAPTURED - Started capturing logs in process (pid: 308109).
[32m2025-03-30 18:49:53 -0500[0m - dagster - [34mDEBUG[0m - materialize_dbt_models - 5deb59d9-f16a-4406-8aa9-13f144030c29 - 308109 - dbtlearn_dbt_assets - STEP_START - Started execution of step "dbtlearn_dbt_assets".
[32m2025-03-30 18:50:00 -0500[0m - dagster - [34mINFO[0m - materialize_dbt_models - 5deb59d9-f16a-4406-8aa9-13f144030c29 - dbtlearn_dbt_assets - A dbt subsetted execution is not being performed. Using the default dbt selection arguments `['--select', 'fqn:*', '--exclude', 'fct_reviews']`.
[32m2025-03-30 18:50:00 -0500[0m - dagster - [34mINFO[0m - materialize_dbt_models - 5deb59d9-f16a-4406-8aa9-13f144030c29 - dbtlearn_dbt_assets - Copying `/mnt/c/Users/hrish/Desktop/temp/DBT - Udemy/dbtlearn/target/partial_parse.msgpack` to `/mnt/c/Users/hrish/Desktop/temp/DBT - Udemy/dbtlearn/target/dbtlearn_dbt_assets-5deb59d-db815b8/partial_parse.msgpack` to take advantage of partial parsing.
[32m2025-03-30 18:50:00 -0500[0m - dagster - [34mINFO[0m - materialize_dbt_models - 5deb59d9-f16a-4406-8aa9-13f144030c29 - dbtlearn_dbt_assets - Running dbt command: `dbt build --select fqn:* --exclude fct_reviews`.
[32m2025-03-30 18:50:41 -0500[0m - dagster - [34mDEBUG[0m - materialize_dbt_models - 5deb59d9-f16a-4406-8aa9-13f144030c29 - 308109 - dbtlearn_dbt_assets - STEP_OUTPUT - Yielded output "seed_full_moon_dates" of type "Nothing". (Type check passed).
[32m2025-03-30 18:50:41 -0500[0m - dagster - [34mDEBUG[0m - materialize_dbt_models - 5deb59d9-f16a-4406-8aa9-13f144030c29 - 308109 - dbtlearn_dbt_assets - ASSET_MATERIALIZATION - Materialized value seed_full_moon_dates.
[32m2025-03-30 18:50:41 -0500[0m - dagster - [34mDEBUG[0m - materialize_dbt_models - 5deb59d9-f16a-4406-8aa9-13f144030c29 - 308109 - dbtlearn_dbt_assets - ASSET_OBSERVATION - ASSET_OBSERVATION for step dbtlearn_dbt_assets
[32m2025-03-30 18:50:42 -0500[0m - dagster - [34mDEBUG[0m - materialize_dbt_models - 5deb59d9-f16a-4406-8aa9-13f144030c29 - 308109 - dbtlearn_dbt_assets - ASSET_OBSERVATION - ASSET_OBSERVATION for step dbtlearn_dbt_assets
[32m2025-03-30 18:50:42 -0500[0m - dagster - [34mDEBUG[0m - materialize_dbt_models - 5deb59d9-f16a-4406-8aa9-13f144030c29 - 308109 - dbtlearn_dbt_assets - STEP_OUTPUT - Yielded output "dim_hosts_cleansed" of type "Nothing". (Type check passed).
[32m2025-03-30 18:50:43 -0500[0m - dagster - [34mDEBUG[0m - materialize_dbt_models - 5deb59d9-f16a-4406-8aa9-13f144030c29 - 308109 - dbtlearn_dbt_assets - ASSET_MATERIALIZATION - Materialized value dim_hosts_cleansed.
[32m2025-03-30 18:50:45 -0500[0m - dagster - [34mDEBUG[0m - materialize_dbt_models - 5deb59d9-f16a-4406-8aa9-13f144030c29 - 308109 - dbtlearn_dbt_assets - STEP_OUTPUT - Yielded output "mart_fullmoon_reviews" of type "Nothing". (Type check passed).
[32m2025-03-30 18:50:45 -0500[0m - dagster - [34mDEBUG[0m - materialize_dbt_models - 5deb59d9-f16a-4406-8aa9-13f144030c29 - 308109 - dbtlearn_dbt_assets - ASSET_MATERIALIZATION - Materialized value mart_fullmoon_reviews.
[32m2025-03-30 18:50:48 -0500[0m - dagster - [34mDEBUG[0m - materialize_dbt_models - 5deb59d9-f16a-4406-8aa9-13f144030c29 - 308109 - dbtlearn_dbt_assets - STEP_OUTPUT - Yielded output "scd_raw_listings" of type "Nothing". (Type check passed).
[32m2025-03-30 18:50:48 -0500[0m - dagster - [34mDEBUG[0m - materialize_dbt_models - 5deb59d9-f16a-4406-8aa9-13f144030c29 - 308109 - dbtlearn_dbt_assets - ASSET_MATERIALIZATION - Materialized value scd_raw_listings.
[32m2025-03-30 18:50:48 -0500[0m - dagster - [34mDEBUG[0m - materialize_dbt_models - 5deb59d9-f16a-4406-8aa9-13f144030c29 - 308109 - dbtlearn_dbt_assets - ASSET_OBSERVATION - ASSET_OBSERVATION for step dbtlearn_dbt_assets
[32m2025-03-30 18:50:49 -0500[0m - dagster - [34mDEBUG[0m - materialize_dbt_models - 5deb59d9-f16a-4406-8aa9-13f144030c29 - 308109 - dbtlearn_dbt_assets - ASSET_OBSERVATION - ASSET_OBSERVATION for step dbtlearn_dbt_assets
[32m2025-03-30 18:50:50 -0500[0m - dagster - [34mDEBUG[0m - materialize_dbt_models - 5deb59d9-f16a-4406-8aa9-13f144030c29 - 308109 - dbtlearn_dbt_assets - ASSET_OBSERVATION - ASSET_OBSERVATION for step dbtlearn_dbt_assets
[32m2025-03-30 18:50:50 -0500[0m - dagster - [34mDEBUG[0m - materialize_dbt_models - 5deb59d9-f16a-4406-8aa9-13f144030c29 - 308109 - dbtlearn_dbt_assets - ASSET_OBSERVATION - ASSET_OBSERVATION for step dbtlearn_dbt_assets
[32m2025-03-30 18:50:51 -0500[0m - dagster - [34mDEBUG[0m - materialize_dbt_models - 5deb59d9-f16a-4406-8aa9-13f144030c29 - 308109 - dbtlearn_dbt_assets - STEP_OUTPUT - Yielded output "dim_listings_cleansed" of type "Nothing". (Type check passed).
[32m2025-03-30 18:50:51 -0500[0m - dagster - [34mDEBUG[0m - materialize_dbt_models - 5deb59d9-f16a-4406-8aa9-13f144030c29 - 308109 - dbtlearn_dbt_assets - ASSET_MATERIALIZATION - Materialized value dim_listings_cleansed.
[32m2025-03-30 18:50:52 -0500[0m - dagster - [34mDEBUG[0m - materialize_dbt_models - 5deb59d9-f16a-4406-8aa9-13f144030c29 - 308109 - dbtlearn_dbt_assets - ASSET_OBSERVATION - ASSET_OBSERVATION for step dbtlearn_dbt_assets
[32m2025-03-30 18:50:52 -0500[0m - dagster - [34mDEBUG[0m - materialize_dbt_models - 5deb59d9-f16a-4406-8aa9-13f144030c29 - 308109 - dbtlearn_dbt_assets - ASSET_OBSERVATION - ASSET_OBSERVATION for step dbtlearn_dbt_assets
[32m2025-03-30 18:50:53 -0500[0m - dagster - [34mDEBUG[0m - materialize_dbt_models - 5deb59d9-f16a-4406-8aa9-13f144030c29 - 308109 - dbtlearn_dbt_assets - ASSET_OBSERVATION - ASSET_OBSERVATION for step dbtlearn_dbt_assets
[32m2025-03-30 18:50:53 -0500[0m - dagster - [34mDEBUG[0m - materialize_dbt_models - 5deb59d9-f16a-4406-8aa9-13f144030c29 - 308109 - dbtlearn_dbt_assets - ASSET_OBSERVATION - ASSET_OBSERVATION for step dbtlearn_dbt_assets
[32m2025-03-30 18:50:54 -0500[0m - dagster - [34mDEBUG[0m - materialize_dbt_models - 5deb59d9-f16a-4406-8aa9-13f144030c29 - 308109 - dbtlearn_dbt_assets - ASSET_OBSERVATION - ASSET_OBSERVATION for step dbtlearn_dbt_assets
[32m2025-03-30 18:50:54 -0500[0m - dagster - [34mDEBUG[0m - materialize_dbt_models - 5deb59d9-f16a-4406-8aa9-13f144030c29 - 308109 - dbtlearn_dbt_assets - ASSET_OBSERVATION - ASSET_OBSERVATION for step dbtlearn_dbt_assets
[32m2025-03-30 18:50:55 -0500[0m - dagster - [34mDEBUG[0m - materialize_dbt_models - 5deb59d9-f16a-4406-8aa9-13f144030c29 - 308109 - dbtlearn_dbt_assets - ASSET_OBSERVATION - ASSET_OBSERVATION for step dbtlearn_dbt_assets
[32m2025-03-30 18:50:55 -0500[0m - dagster - [34mDEBUG[0m - materialize_dbt_models - 5deb59d9-f16a-4406-8aa9-13f144030c29 - 308109 - dbtlearn_dbt_assets - ASSET_OBSERVATION - ASSET_OBSERVATION for step dbtlearn_dbt_assets
[32m2025-03-30 18:50:56 -0500[0m - dagster - [34mDEBUG[0m - materialize_dbt_models - 5deb59d9-f16a-4406-8aa9-13f144030c29 - 308109 - dbtlearn_dbt_assets - ASSET_OBSERVATION - ASSET_OBSERVATION for step dbtlearn_dbt_assets
[32m2025-03-30 18:50:57 -0500[0m - dagster - [34mDEBUG[0m - materialize_dbt_models - 5deb59d9-f16a-4406-8aa9-13f144030c29 - 308109 - dbtlearn_dbt_assets - STEP_OUTPUT - Yielded output "dim_listings_w_hosts" of type "Nothing". (Type check passed).
[32m2025-03-30 18:50:58 -0500[0m - dagster - [34mDEBUG[0m - materialize_dbt_models - 5deb59d9-f16a-4406-8aa9-13f144030c29 - 308109 - dbtlearn_dbt_assets - ASSET_MATERIALIZATION - Materialized value dim_listings_w_hosts.
[32m2025-03-30 18:50:58 -0500[0m - dagster - [34mDEBUG[0m - materialize_dbt_models - 5deb59d9-f16a-4406-8aa9-13f144030c29 - 308109 - dbtlearn_dbt_assets - ASSET_OBSERVATION - ASSET_OBSERVATION for step dbtlearn_dbt_assets
[32m2025-03-30 18:50:59 -0500[0m - dagster - [34mDEBUG[0m - materialize_dbt_models - 5deb59d9-f16a-4406-8aa9-13f144030c29 - 308109 - dbtlearn_dbt_assets - ASSET_OBSERVATION - ASSET_OBSERVATION for step dbtlearn_dbt_assets
[32m2025-03-30 18:50:59 -0500[0m - dagster - [34mDEBUG[0m - materialize_dbt_models - 5deb59d9-f16a-4406-8aa9-13f144030c29 - 308109 - dbtlearn_dbt_assets - ASSET_OBSERVATION - ASSET_OBSERVATION for step dbtlearn_dbt_assets
[32m2025-03-30 18:51:00 -0500[0m - dagster - [34mDEBUG[0m - materialize_dbt_models - 5deb59d9-f16a-4406-8aa9-13f144030c29 - 308109 - dbtlearn_dbt_assets - ASSET_OBSERVATION - ASSET_OBSERVATION for step dbtlearn_dbt_assets
[32m2025-03-30 18:51:00 -0500[0m - dagster - [34mDEBUG[0m - materialize_dbt_models - 5deb59d9-f16a-4406-8aa9-13f144030c29 - 308109 - dbtlearn_dbt_assets - ASSET_OBSERVATION - ASSET_OBSERVATION for step dbtlearn_dbt_assets
[32m2025-03-30 18:51:00 -0500[0m - dagster - [34mDEBUG[0m - materialize_dbt_models - 5deb59d9-f16a-4406-8aa9-13f144030c29 - 308109 - dbtlearn_dbt_assets - STEP_SUCCESS - Finished execution of step "dbtlearn_dbt_assets" in 1m0s.
